2023-03-14T09:13:45+00:00 CRITICAL Uncaught Error: Call to undefined function checkListingsAndDeleteProducts() in C:\xampp2\htdocs\inventory_manager\wp-content\plugins\inventory_manager\inventory_manager.php:1131
Stack trace:
#0 C:\xampp2\htdocs\inventory_manager\wp-includes\class-wp-hook.php(308): run_cron()
#1 C:\xampp2\htdocs\inventory_manager\wp-includes\class-wp-hook.php(332): WP_Hook->apply_filters('', Array)
#2 C:\xampp2\htdocs\inventory_manager\wp-includes\plugin.php(565): WP_Hook->do_action(Array)
#3 C:\xampp2\htdocs\inventory_manager\wp-cron.php(188): do_action_ref_array('run_cron', Array)
#4 {main}
  thrown in C:\xampp2\htdocs\inventory_manager\wp-content\plugins\inventory_manager\inventory_manager.php on line 1131

2023-03-14T10:42:11+00:00 CRITICAL Uncaught TypeError: call_user_func_array(): Argument #1 ($function) must be a valid callback, function "addCustomCategories" not found or invalid function name in C:\xampp2\htdocs\inventory_manager\wp-includes\class-wp-hook.php:308
Stack trace:
#0 C:\xampp2\htdocs\inventory_manager\wp-includes\class-wp-hook.php(332): WP_Hook->apply_filters(NULL, Array)
#1 C:\xampp2\htdocs\inventory_manager\wp-includes\plugin.php(517): WP_Hook->do_action(Array)
#2 C:\xampp2\htdocs\inventory_manager\wp-settings.php(617): do_action('init')
#3 C:\xampp2\htdocs\inventory_manager\wp-config.php(96): require_once('C:\\xampp2\\htdoc...')
#4 C:\xampp2\htdocs\inventory_manager\wp-load.php(50): require_once('C:\\xampp2\\htdoc...')
#5 C:\xampp2\htdocs\inventory_manager\wp-admin\admin.php(34): require_once('C:\\xampp2\\htdoc...')
#6 C:\xampp2\htdocs\inventory_manager\wp-admin\edit.php(10): require_once('C:\\xampp2\\htdoc...')
#7 {main}
  thrown in C:\xampp2\htdocs\inventory_manager\wp-includes\class-wp-hook.php on line 308

2023-03-14T10:43:10+00:00 CRITICAL Uncaught TypeError: call_user_func_array(): Argument #1 ($function) must be a valid callback, function "addCustomCategories" not found or invalid function name in C:\xampp2\htdocs\inventory_manager\wp-includes\class-wp-hook.php:308
Stack trace:
#0 C:\xampp2\htdocs\inventory_manager\wp-includes\class-wp-hook.php(332): WP_Hook->apply_filters(NULL, Array)
#1 C:\xampp2\htdocs\inventory_manager\wp-includes\plugin.php(517): WP_Hook->do_action(Array)
#2 C:\xampp2\htdocs\inventory_manager\wp-settings.php(617): do_action('init')
#3 C:\xampp2\htdocs\inventory_manager\wp-config.php(96): require_once('C:\\xampp2\\htdoc...')
#4 C:\xampp2\htdocs\inventory_manager\wp-load.php(50): require_once('C:\\xampp2\\htdoc...')
#5 C:\xampp2\htdocs\inventory_manager\wp-admin\admin.php(34): require_once('C:\\xampp2\\htdoc...')
#6 C:\xampp2\htdocs\inventory_manager\wp-admin\edit.php(10): require_once('C:\\xampp2\\htdoc...')
#7 {main}
  thrown in C:\xampp2\htdocs\inventory_manager\wp-includes\class-wp-hook.php on line 308

2023-03-14T10:43:25+00:00 CRITICAL Uncaught TypeError: call_user_func_array(): Argument #1 ($function) must be a valid callback, function "register_post_statuses" not found or invalid function name in C:\xampp2\htdocs\inventory_manager\wp-includes\class-wp-hook.php:308
Stack trace:
#0 C:\xampp2\htdocs\inventory_manager\wp-includes\class-wp-hook.php(332): WP_Hook->apply_filters(NULL, Array)
#1 C:\xampp2\htdocs\inventory_manager\wp-includes\plugin.php(517): WP_Hook->do_action(Array)
#2 C:\xampp2\htdocs\inventory_manager\wp-settings.php(617): do_action('init')
#3 C:\xampp2\htdocs\inventory_manager\wp-config.php(96): require_once('C:\\xampp2\\htdoc...')
#4 C:\xampp2\htdocs\inventory_manager\wp-load.php(50): require_once('C:\\xampp2\\htdoc...')
#5 C:\xampp2\htdocs\inventory_manager\wp-admin\admin.php(34): require_once('C:\\xampp2\\htdoc...')
#6 C:\xampp2\htdocs\inventory_manager\wp-admin\edit.php(10): require_once('C:\\xampp2\\htdoc...')
#7 {main}
  thrown in C:\xampp2\htdocs\inventory_manager\wp-includes\class-wp-hook.php on line 308

2023-03-14T10:44:20+00:00 CRITICAL Uncaught TypeError: call_user_func_array(): Argument #1 ($function) must be a valid callback, function "register_post_statuses" not found or invalid function name in C:\xampp2\htdocs\inventory_manager\wp-includes\class-wp-hook.php:308
Stack trace:
#0 C:\xampp2\htdocs\inventory_manager\wp-includes\class-wp-hook.php(332): WP_Hook->apply_filters(NULL, Array)
#1 C:\xampp2\htdocs\inventory_manager\wp-includes\plugin.php(517): WP_Hook->do_action(Array)
#2 C:\xampp2\htdocs\inventory_manager\wp-settings.php(617): do_action('init')
#3 C:\xampp2\htdocs\inventory_manager\wp-config.php(96): require_once('C:\\xampp2\\htdoc...')
#4 C:\xampp2\htdocs\inventory_manager\wp-load.php(50): require_once('C:\\xampp2\\htdoc...')
#5 C:\xampp2\htdocs\inventory_manager\wp-admin\admin.php(34): require_once('C:\\xampp2\\htdoc...')
#6 C:\xampp2\htdocs\inventory_manager\wp-admin\edit.php(10): require_once('C:\\xampp2\\htdoc...')
#7 {main}
  thrown in C:\xampp2\htdocs\inventory_manager\wp-includes\class-wp-hook.php on line 308

2023-03-14T10:44:39+00:00 CRITICAL Uncaught TypeError: call_user_func_array(): Argument #1 ($function) must be a valid callback, function "remove_menu_items" not found or invalid function name in C:\xampp2\htdocs\inventory_manager\wp-includes\class-wp-hook.php:308
Stack trace:
#0 C:\xampp2\htdocs\inventory_manager\wp-includes\class-wp-hook.php(332): WP_Hook->apply_filters(NULL, Array)
#1 C:\xampp2\htdocs\inventory_manager\wp-includes\plugin.php(517): WP_Hook->do_action(Array)
#2 C:\xampp2\htdocs\inventory_manager\wp-admin\admin.php(175): do_action('admin_init')
#3 C:\xampp2\htdocs\inventory_manager\wp-admin\edit.php(10): require_once('C:\\xampp2\\htdoc...')
#4 {main}
  thrown in C:\xampp2\htdocs\inventory_manager\wp-includes\class-wp-hook.php on line 308

2023-03-14T10:44:57+00:00 CRITICAL Uncaught TypeError: call_user_func_array(): Argument #1 ($function) must be a valid callback, function "add_product_views" not found or invalid function name in C:\xampp2\htdocs\inventory_manager\wp-includes\class-wp-hook.php:308
Stack trace:
#0 C:\xampp2\htdocs\inventory_manager\wp-includes\plugin.php(205): WP_Hook->apply_filters(Array, Array)
#1 C:\xampp2\htdocs\inventory_manager\wp-admin\includes\class-wp-list-table.php(482): apply_filters('views_edit-prod...', Array)
#2 C:\xampp2\htdocs\inventory_manager\wp-admin\edit.php(470): WP_List_Table->views()
#3 {main}
  thrown in C:\xampp2\htdocs\inventory_manager\wp-includes\class-wp-hook.php on line 308

2023-03-14T11:04:20+00:00 CRITICAL Uncaught Error: Call to undefined function checkListingsAndUpdateProducts() in C:\xampp2\htdocs\inventory_manager\wp-content\plugins\inventory_manager\functions\actions\cron.php:8
Stack trace:
#0 C:\xampp2\htdocs\inventory_manager\wp-includes\class-wp-hook.php(308): run_cron()
#1 C:\xampp2\htdocs\inventory_manager\wp-includes\class-wp-hook.php(332): WP_Hook->apply_filters('', Array)
#2 C:\xampp2\htdocs\inventory_manager\wp-includes\plugin.php(565): WP_Hook->do_action(Array)
#3 C:\xampp2\htdocs\inventory_manager\wp-cron.php(188): do_action_ref_array('run_cron', Array)
#4 {main}
  thrown in C:\xampp2\htdocs\inventory_manager\wp-content\plugins\inventory_manager\functions\actions\cron.php on line 8

2023-03-14T11:04:56+00:00 CRITICAL Uncaught Error: Call to a member function endOrDeleteListing() on null in C:\xampp2\htdocs\inventory_manager\wp-content\plugins\inventory_manager\functions\actions\before_product_delete.php:13
Stack trace:
#0 C:\xampp2\htdocs\inventory_manager\wp-includes\class-wp-hook.php(308): before_product_delete(265, Object(WP_Post))
#1 C:\xampp2\htdocs\inventory_manager\wp-includes\class-wp-hook.php(332): WP_Hook->apply_filters(NULL, Array)
#2 C:\xampp2\htdocs\inventory_manager\wp-includes\plugin.php(517): WP_Hook->do_action(Array)
#3 C:\xampp2\htdocs\inventory_manager\wp-includes\post.php(3407): do_action('before_delete_p...', 265, Object(WP_Post))
#4 C:\xampp2\htdocs\inventory_manager\wp-admin\post.php(325): wp_delete_post(265, true)
#5 {main}
  thrown in C:\xampp2\htdocs\inventory_manager\wp-content\plugins\inventory_manager\functions\actions\before_product_delete.php on line 13

2023-03-14T11:07:47+00:00 CRITICAL Uncaught Error: Call to undefined function checkListingsAndUpdateProducts() in C:\xampp2\htdocs\inventory_manager\wp-content\plugins\inventory_manager\functions\actions\cron.php:8
Stack trace:
#0 C:\xampp2\htdocs\inventory_manager\wp-includes\class-wp-hook.php(308): run_cron()
#1 C:\xampp2\htdocs\inventory_manager\wp-includes\class-wp-hook.php(332): WP_Hook->apply_filters('', Array)
#2 C:\xampp2\htdocs\inventory_manager\wp-includes\plugin.php(565): WP_Hook->do_action(Array)
#3 C:\xampp2\htdocs\inventory_manager\wp-cron.php(188): do_action_ref_array('run_cron', Array)
#4 {main}
  thrown in C:\xampp2\htdocs\inventory_manager\wp-content\plugins\inventory_manager\functions\actions\cron.php on line 8

2023-03-14T11:07:47+00:00 CRITICAL Uncaught Error: Typed property Listing_Manager_Group::$selected_managers must not be accessed before initialization in C:\xampp2\htdocs\inventory_manager\wp-content\plugins\inventory_manager\classes\Listing_Manager_Group.php:94
Stack trace:
#0 C:\xampp2\htdocs\inventory_manager\wp-content\plugins\inventory_manager\functions\actions\before_product_delete.php(15): Listing_Manager_Group->end_or_delete_listing(Object(WC_Product_Simple))
#1 C:\xampp2\htdocs\inventory_manager\wp-includes\class-wp-hook.php(308): before_product_delete(265, Object(WP_Post))
#2 C:\xampp2\htdocs\inventory_manager\wp-includes\class-wp-hook.php(332): WP_Hook->apply_filters(NULL, Array)
#3 C:\xampp2\htdocs\inventory_manager\wp-includes\plugin.php(517): WP_Hook->do_action(Array)
#4 C:\xampp2\htdocs\inventory_manager\wp-includes\post.php(3407): do_action('before_delete_p...', 265, Object(WP_Post))
#5 C:\xampp2\htdocs\inventory_manager\wp-admin\post.php(325): wp_delete_post(265, true)
#6 {main}
  thrown in C:\xampp2\htdocs\inventory_manager\wp-content\plugins\inventory_manager\classes\Listing_Manager_Group.php on line 94

2023-03-14T11:08:54+00:00 CRITICAL Uncaught Error: Call to undefined function checkListingsAndUpdateProducts() in C:\xampp2\htdocs\inventory_manager\wp-content\plugins\inventory_manager\functions\actions\cron.php:8
Stack trace:
#0 C:\xampp2\htdocs\inventory_manager\wp-includes\class-wp-hook.php(308): run_cron()
#1 C:\xampp2\htdocs\inventory_manager\wp-includes\class-wp-hook.php(332): WP_Hook->apply_filters('', Array)
#2 C:\xampp2\htdocs\inventory_manager\wp-includes\plugin.php(565): WP_Hook->do_action(Array)
#3 C:\xampp2\htdocs\inventory_manager\wp-cron.php(188): do_action_ref_array('run_cron', Array)
#4 {main}
  thrown in C:\xampp2\htdocs\inventory_manager\wp-content\plugins\inventory_manager\functions\actions\cron.php on line 8

2023-03-14T11:10:02+00:00 CRITICAL Uncaught Error: Call to undefined function checkListingsAndUpdateProducts() in C:\xampp2\htdocs\inventory_manager\wp-content\plugins\inventory_manager\functions\actions\cron.php:8
Stack trace:
#0 C:\xampp2\htdocs\inventory_manager\wp-includes\class-wp-hook.php(308): run_cron()
#1 C:\xampp2\htdocs\inventory_manager\wp-includes\class-wp-hook.php(332): WP_Hook->apply_filters('', Array)
#2 C:\xampp2\htdocs\inventory_manager\wp-includes\plugin.php(565): WP_Hook->do_action(Array)
#3 C:\xampp2\htdocs\inventory_manager\wp-cron.php(188): do_action_ref_array('run_cron', Array)
#4 {main}
  thrown in C:\xampp2\htdocs\inventory_manager\wp-content\plugins\inventory_manager\functions\actions\cron.php on line 8

2023-03-14T11:12:04+00:00 CRITICAL Uncaught Error: Call to undefined function checkListingsAndUpdateProducts() in C:\xampp2\htdocs\inventory_manager\wp-content\plugins\inventory_manager\functions\actions\cron.php:8
Stack trace:
#0 C:\xampp2\htdocs\inventory_manager\wp-includes\class-wp-hook.php(308): run_cron()
#1 C:\xampp2\htdocs\inventory_manager\wp-includes\class-wp-hook.php(332): WP_Hook->apply_filters('', Array)
#2 C:\xampp2\htdocs\inventory_manager\wp-includes\plugin.php(565): WP_Hook->do_action(Array)
#3 C:\xampp2\htdocs\inventory_manager\wp-cron.php(188): do_action_ref_array('run_cron', Array)
#4 {main}
  thrown in C:\xampp2\htdocs\inventory_manager\wp-content\plugins\inventory_manager\functions\actions\cron.php on line 8

2023-03-14T11:14:41+00:00 CRITICAL Uncaught Error: Call to undefined function checkListingsAndUpdateProducts() in C:\xampp2\htdocs\inventory_manager\wp-content\plugins\inventory_manager\functions\actions\cron.php:8
Stack trace:
#0 C:\xampp2\htdocs\inventory_manager\wp-includes\class-wp-hook.php(308): run_cron()
#1 C:\xampp2\htdocs\inventory_manager\wp-includes\class-wp-hook.php(332): WP_Hook->apply_filters('', Array)
#2 C:\xampp2\htdocs\inventory_manager\wp-includes\plugin.php(565): WP_Hook->do_action(Array)
#3 C:\xampp2\htdocs\inventory_manager\wp-cron.php(188): do_action_ref_array('run_cron', Array)
#4 {main}
  thrown in C:\xampp2\htdocs\inventory_manager\wp-content\plugins\inventory_manager\functions\actions\cron.php on line 8

2023-03-14T11:17:19+00:00 CRITICAL Uncaught Error: Call to undefined function checkListingsAndUpdateProducts() in C:\xampp2\htdocs\inventory_manager\wp-content\plugins\inventory_manager\functions\actions\cron.php:8
Stack trace:
#0 C:\xampp2\htdocs\inventory_manager\wp-includes\class-wp-hook.php(308): run_cron()
#1 C:\xampp2\htdocs\inventory_manager\wp-includes\class-wp-hook.php(332): WP_Hook->apply_filters('', Array)
#2 C:\xampp2\htdocs\inventory_manager\wp-includes\plugin.php(565): WP_Hook->do_action(Array)
#3 C:\xampp2\htdocs\inventory_manager\wp-cron.php(188): do_action_ref_array('run_cron', Array)
#4 {main}
  thrown in C:\xampp2\htdocs\inventory_manager\wp-content\plugins\inventory_manager\functions\actions\cron.php on line 8

2023-03-14T11:19:36+00:00 CRITICAL Uncaught Error: Call to undefined function checkListingsAndUpdateProducts() in C:\xampp2\htdocs\inventory_manager\wp-content\plugins\inventory_manager\functions\actions\cron.php:8
Stack trace:
#0 C:\xampp2\htdocs\inventory_manager\wp-includes\class-wp-hook.php(308): run_cron()
#1 C:\xampp2\htdocs\inventory_manager\wp-includes\class-wp-hook.php(332): WP_Hook->apply_filters('', Array)
#2 C:\xampp2\htdocs\inventory_manager\wp-includes\plugin.php(565): WP_Hook->do_action(Array)
#3 C:\xampp2\htdocs\inventory_manager\wp-cron.php(188): do_action_ref_array('run_cron', Array)
#4 {main}
  thrown in C:\xampp2\htdocs\inventory_manager\wp-content\plugins\inventory_manager\functions\actions\cron.php on line 8

2023-03-14T11:21:38+00:00 CRITICAL Uncaught Error: Call to undefined function checkListingsAndUpdateProducts() in C:\xampp2\htdocs\inventory_manager\wp-content\plugins\inventory_manager\functions\actions\cron.php:8
Stack trace:
#0 C:\xampp2\htdocs\inventory_manager\wp-includes\class-wp-hook.php(308): run_cron()
#1 C:\xampp2\htdocs\inventory_manager\wp-includes\class-wp-hook.php(332): WP_Hook->apply_filters('', Array)
#2 C:\xampp2\htdocs\inventory_manager\wp-includes\plugin.php(565): WP_Hook->do_action(Array)
#3 C:\xampp2\htdocs\inventory_manager\wp-cron.php(188): do_action_ref_array('run_cron', Array)
#4 {main}
  thrown in C:\xampp2\htdocs\inventory_manager\wp-content\plugins\inventory_manager\functions\actions\cron.php on line 8

2023-03-14T11:22:41+00:00 CRITICAL Uncaught Error: Call to undefined function checkListingsAndUpdateProducts() in C:\xampp2\htdocs\inventory_manager\wp-content\plugins\inventory_manager\functions\actions\cron.php:8
Stack trace:
#0 C:\xampp2\htdocs\inventory_manager\wp-includes\class-wp-hook.php(308): run_cron()
#1 C:\xampp2\htdocs\inventory_manager\wp-includes\class-wp-hook.php(332): WP_Hook->apply_filters('', Array)
#2 C:\xampp2\htdocs\inventory_manager\wp-includes\plugin.php(565): WP_Hook->do_action(Array)
#3 C:\xampp2\htdocs\inventory_manager\wp-cron.php(188): do_action_ref_array('run_cron', Array)
#4 {main}
  thrown in C:\xampp2\htdocs\inventory_manager\wp-content\plugins\inventory_manager\functions\actions\cron.php on line 8

2023-03-14T11:23:55+00:00 CRITICAL Uncaught Error: Call to undefined function checkListingsAndUpdateProducts() in C:\xampp2\htdocs\inventory_manager\wp-content\plugins\inventory_manager\functions\actions\cron.php:8
Stack trace:
#0 C:\xampp2\htdocs\inventory_manager\wp-includes\class-wp-hook.php(308): run_cron()
#1 C:\xampp2\htdocs\inventory_manager\wp-includes\class-wp-hook.php(332): WP_Hook->apply_filters('', Array)
#2 C:\xampp2\htdocs\inventory_manager\wp-includes\plugin.php(565): WP_Hook->do_action(Array)
#3 C:\xampp2\htdocs\inventory_manager\wp-cron.php(188): do_action_ref_array('run_cron', Array)
#4 {main}
  thrown in C:\xampp2\htdocs\inventory_manager\wp-content\plugins\inventory_manager\functions\actions\cron.php on line 8

2023-03-14T11:25:04+00:00 CRITICAL Uncaught Error: Call to undefined function checkListingsAndUpdateProducts() in C:\xampp2\htdocs\inventory_manager\wp-content\plugins\inventory_manager\functions\actions\cron.php:8
Stack trace:
#0 C:\xampp2\htdocs\inventory_manager\wp-includes\class-wp-hook.php(308): run_cron()
#1 C:\xampp2\htdocs\inventory_manager\wp-includes\class-wp-hook.php(332): WP_Hook->apply_filters('', Array)
#2 C:\xampp2\htdocs\inventory_manager\wp-includes\plugin.php(565): WP_Hook->do_action(Array)
#3 C:\xampp2\htdocs\inventory_manager\wp-cron.php(188): do_action_ref_array('run_cron', Array)
#4 {main}
  thrown in C:\xampp2\htdocs\inventory_manager\wp-content\plugins\inventory_manager\functions\actions\cron.php on line 8

2023-03-14T11:29:58+00:00 CRITICAL Uncaught Error: Call to undefined function check_listings_and_update_products() in C:\xampp2\htdocs\inventory_manager\wp-content\plugins\inventory_manager\functions\actions\cron.php:6
Stack trace:
#0 C:\xampp2\htdocs\inventory_manager\wp-includes\class-wp-hook.php(308): run_cron()
#1 C:\xampp2\htdocs\inventory_manager\wp-includes\class-wp-hook.php(332): WP_Hook->apply_filters('', Array)
#2 C:\xampp2\htdocs\inventory_manager\wp-includes\plugin.php(565): WP_Hook->do_action(Array)
#3 C:\xampp2\htdocs\inventory_manager\wp-cron.php(188): do_action_ref_array('run_cron', Array)
#4 {main}
  thrown in C:\xampp2\htdocs\inventory_manager\wp-content\plugins\inventory_manager\functions\actions\cron.php on line 6

2023-03-14T11:31:00+00:00 CRITICAL Uncaught Error: Call to undefined function check_listings_and_update_products() in C:\xampp2\htdocs\inventory_manager\wp-content\plugins\inventory_manager\functions\actions\cron.php:6
Stack trace:
#0 C:\xampp2\htdocs\inventory_manager\wp-includes\class-wp-hook.php(308): run_cron()
#1 C:\xampp2\htdocs\inventory_manager\wp-includes\class-wp-hook.php(332): WP_Hook->apply_filters('', Array)
#2 C:\xampp2\htdocs\inventory_manager\wp-includes\plugin.php(565): WP_Hook->do_action(Array)
#3 C:\xampp2\htdocs\inventory_manager\wp-cron.php(188): do_action_ref_array('run_cron', Array)
#4 {main}
  thrown in C:\xampp2\htdocs\inventory_manager\wp-content\plugins\inventory_manager\functions\actions\cron.php on line 6

2023-03-14T12:26:39+00:00 CRITICAL Uncaught Error: Call to undefined method Reverb_Listing_Manager::updateOrCreateListing() in C:\xampp2\htdocs\inventory_manager\wp-content\plugins\inventory_manager\classes\Listing_Manager_Group.php:84
Stack trace:
#0 C:\xampp2\htdocs\inventory_manager\wp-content\plugins\inventory_manager\functions\actions\publish_product_to_platforms.php(19): Listing_Manager_Group->update_or_create_listing(Object(WC_Product_Simple))
#1 C:\xampp2\htdocs\inventory_manager\wp-includes\class-wp-hook.php(308): publish_product_to_platforms(270, Object(WP_Post))
#2 C:\xampp2\htdocs\inventory_manager\wp-includes\class-wp-hook.php(332): WP_Hook->apply_filters(NULL, Array)
#3 C:\xampp2\htdocs\inventory_manager\wp-includes\plugin.php(517): WP_Hook->do_action(Array)
#4 C:\xampp2\htdocs\inventory_manager\wp-content\plugins\woocommerce\includes\admin\class-wc-admin-meta-boxes.php(268): do_action('woocommerce_pro...', 270, Object(WP_Post))
#5 C:\xampp2\htdocs\inventory_manager\wp-includes\class-wp-hook.php(310): WC_Admin_Meta_Boxes->save_meta_boxes(270, Object(WP_Post))
#6 C:\xampp2\htdocs\inventory_manager\wp-includes\class-wp-hook.php(332): WP_Hook->apply_filters('', Array)
#7 C:\xampp2\htdocs\inventory_manager\wp-includes\plugin.php(517): WP_Hook->do_action(Array)
#8 C:\xampp2\htdocs\inventory_manager\wp-includes\post.php(4717): do_action('save_post', 270, Object(WP_Post), true)
#9 C:\xampp2\htdocs\inventory_manager\wp-includes\post.php(4819): wp_insert_post(Array, false, true)
#10 C:\xampp2\htdocs\inventory_manager\wp-admin\includes\post.php(426): wp_update_post(Array)
#11 C:\xampp2\htdocs\inventory_manager\wp-admin\post.php(227): edit_post()
#12 {main}
  thrown in C:\xampp2\htdocs\inventory_manager\wp-content\plugins\inventory_manager\classes\Listing_Manager_Group.php on line 84

2023-03-14T12:34:20+00:00 CRITICAL Uncaught Error: Call to undefined method Ebay_Listing_Manager::check_listing_and_mark_sold() in C:\xampp2\htdocs\inventory_manager\wp-content\plugins\inventory_manager\classes\Listing_Manager_Group.php:127
Stack trace:
#0 C:\xampp2\htdocs\inventory_manager\wp-content\plugins\inventory_manager\classes\Listing_Manager_Group.php(113): Listing_Manager_Group->call_manager_fns('check_listing_a...', Object(WC_Product_Simple), false)
#1 C:\xampp2\htdocs\inventory_manager\wp-content\plugins\inventory_manager\functions\check_listings_and_update_products.php(21): Listing_Manager_Group->check_listing_and_mark_sold(Object(WC_Product_Simple), false)
#2 C:\xampp2\htdocs\inventory_manager\wp-content\plugins\inventory_manager\functions\actions\cron.php(8): check_listings_and_update_products()
#3 C:\xampp2\htdocs\inventory_manager\wp-includes\class-wp-hook.php(308): run_cron()
#4 C:\xampp2\htdocs\inventory_manager\wp-includes\class-wp-hook.php(332): WP_Hook->apply_filters('', Array)
#5 C:\xampp2\htdocs\inventory_manager\wp-includes\plugin.php(565): WP_Hook->do_action(Array)
#6 C:\xampp2\htdocs\inventory_manager\wp-cron.php(188): do_action_ref_array('run_cron', Array)
#7 {main}
  thrown in C:\xampp2\htdocs\inventory_manager\wp-content\plugins\inventory_manager\classes\Listing_Manager_Group.php on line 127

2023-03-14T12:35:45+00:00 CRITICAL Uncaught Error: Call to undefined method Ebay_Listing_Manager::check_listing_and_mark_sold() in C:\xampp2\htdocs\inventory_manager\wp-content\plugins\inventory_manager\classes\Listing_Manager_Group.php:127
Stack trace:
#0 C:\xampp2\htdocs\inventory_manager\wp-content\plugins\inventory_manager\classes\Listing_Manager_Group.php(113): Listing_Manager_Group->call_manager_fns('check_listing_a...', Object(WC_Product_Simple), false)
#1 C:\xampp2\htdocs\inventory_manager\wp-content\plugins\inventory_manager\functions\check_listings_and_update_products.php(21): Listing_Manager_Group->check_listing_and_mark_sold(Object(WC_Product_Simple), false)
#2 C:\xampp2\htdocs\inventory_manager\wp-content\plugins\inventory_manager\functions\actions\cron.php(8): check_listings_and_update_products()
#3 C:\xampp2\htdocs\inventory_manager\wp-includes\class-wp-hook.php(308): run_cron()
#4 C:\xampp2\htdocs\inventory_manager\wp-includes\class-wp-hook.php(332): WP_Hook->apply_filters('', Array)
#5 C:\xampp2\htdocs\inventory_manager\wp-includes\plugin.php(565): WP_Hook->do_action(Array)
#6 C:\xampp2\htdocs\inventory_manager\wp-cron.php(188): do_action_ref_array('run_cron', Array)
#7 {main}
  thrown in C:\xampp2\htdocs\inventory_manager\wp-content\plugins\inventory_manager\classes\Listing_Manager_Group.php on line 127

2023-03-14T12:38:38+00:00 CRITICAL Uncaught Error: Call to undefined method Ebay_Listing_Manager::check_listing_and_mark_sold() in C:\xampp2\htdocs\inventory_manager\wp-content\plugins\inventory_manager\classes\Listing_Manager_Group.php:127
Stack trace:
#0 C:\xampp2\htdocs\inventory_manager\wp-content\plugins\inventory_manager\classes\Listing_Manager_Group.php(113): Listing_Manager_Group->call_manager_fns('check_listing_a...', Object(WC_Product_Simple), false)
#1 C:\xampp2\htdocs\inventory_manager\wp-content\plugins\inventory_manager\functions\check_listings_and_update_products.php(21): Listing_Manager_Group->check_listing_and_mark_sold(Object(WC_Product_Simple), false)
#2 C:\xampp2\htdocs\inventory_manager\wp-content\plugins\inventory_manager\functions\actions\cron.php(8): check_listings_and_update_products()
#3 C:\xampp2\htdocs\inventory_manager\wp-includes\class-wp-hook.php(308): run_cron()
#4 C:\xampp2\htdocs\inventory_manager\wp-includes\class-wp-hook.php(332): WP_Hook->apply_filters('', Array)
#5 C:\xampp2\htdocs\inventory_manager\wp-includes\plugin.php(565): WP_Hook->do_action(Array)
#6 C:\xampp2\htdocs\inventory_manager\wp-cron.php(188): do_action_ref_array('run_cron', Array)
#7 {main}
  thrown in C:\xampp2\htdocs\inventory_manager\wp-content\plugins\inventory_manager\classes\Listing_Manager_Group.php on line 127

2023-03-14T12:40:41+00:00 CRITICAL Uncaught Error: Call to undefined method Ebay_Listing_Manager::check_listing_and_mark_sold() in C:\xampp2\htdocs\inventory_manager\wp-content\plugins\inventory_manager\classes\Listing_Manager_Group.php:127
Stack trace:
#0 C:\xampp2\htdocs\inventory_manager\wp-content\plugins\inventory_manager\classes\Listing_Manager_Group.php(113): Listing_Manager_Group->call_manager_fns('check_listing_a...', Object(WC_Product_Simple), false)
#1 C:\xampp2\htdocs\inventory_manager\wp-content\plugins\inventory_manager\functions\check_listings_and_update_products.php(21): Listing_Manager_Group->check_listing_and_mark_sold(Object(WC_Product_Simple), false)
#2 C:\xampp2\htdocs\inventory_manager\wp-content\plugins\inventory_manager\functions\actions\cron.php(8): check_listings_and_update_products()
#3 C:\xampp2\htdocs\inventory_manager\wp-includes\class-wp-hook.php(308): run_cron()
#4 C:\xampp2\htdocs\inventory_manager\wp-includes\class-wp-hook.php(332): WP_Hook->apply_filters('', Array)
#5 C:\xampp2\htdocs\inventory_manager\wp-includes\plugin.php(565): WP_Hook->do_action(Array)
#6 C:\xampp2\htdocs\inventory_manager\wp-cron.php(188): do_action_ref_array('run_cron', Array)
#7 {main}
  thrown in C:\xampp2\htdocs\inventory_manager\wp-content\plugins\inventory_manager\classes\Listing_Manager_Group.php on line 127

2023-03-14T12:42:41+00:00 CRITICAL Uncaught Error: Call to undefined method Ebay_Listing_Manager::check_listing_and_mark_sold() in C:\xampp2\htdocs\inventory_manager\wp-content\plugins\inventory_manager\classes\Listing_Manager_Group.php:127
Stack trace:
#0 C:\xampp2\htdocs\inventory_manager\wp-content\plugins\inventory_manager\classes\Listing_Manager_Group.php(113): Listing_Manager_Group->call_manager_fns('check_listing_a...', Object(WC_Product_Simple), false)
#1 C:\xampp2\htdocs\inventory_manager\wp-content\plugins\inventory_manager\functions\check_listings_and_update_products.php(21): Listing_Manager_Group->check_listing_and_mark_sold(Object(WC_Product_Simple), false)
#2 C:\xampp2\htdocs\inventory_manager\wp-content\plugins\inventory_manager\functions\actions\cron.php(8): check_listings_and_update_products()
#3 C:\xampp2\htdocs\inventory_manager\wp-includes\class-wp-hook.php(308): run_cron()
#4 C:\xampp2\htdocs\inventory_manager\wp-includes\class-wp-hook.php(332): WP_Hook->apply_filters('', Array)
#5 C:\xampp2\htdocs\inventory_manager\wp-includes\plugin.php(565): WP_Hook->do_action(Array)
#6 C:\xampp2\htdocs\inventory_manager\wp-cron.php(188): do_action_ref_array('run_cron', Array)
#7 {main}
  thrown in C:\xampp2\htdocs\inventory_manager\wp-content\plugins\inventory_manager\classes\Listing_Manager_Group.php on line 127

2023-03-14T12:43:43+00:00 CRITICAL Uncaught Error: Call to undefined method Ebay_Listing_Manager::check_listing_and_mark_sold() in C:\xampp2\htdocs\inventory_manager\wp-content\plugins\inventory_manager\classes\Listing_Manager_Group.php:127
Stack trace:
#0 C:\xampp2\htdocs\inventory_manager\wp-content\plugins\inventory_manager\classes\Listing_Manager_Group.php(113): Listing_Manager_Group->call_manager_fns('check_listing_a...', Object(WC_Product_Simple), false)
#1 C:\xampp2\htdocs\inventory_manager\wp-content\plugins\inventory_manager\functions\check_listings_and_update_products.php(21): Listing_Manager_Group->check_listing_and_mark_sold(Object(WC_Product_Simple), false)
#2 C:\xampp2\htdocs\inventory_manager\wp-content\plugins\inventory_manager\functions\actions\cron.php(8): check_listings_and_update_products()
#3 C:\xampp2\htdocs\inventory_manager\wp-includes\class-wp-hook.php(308): run_cron()
#4 C:\xampp2\htdocs\inventory_manager\wp-includes\class-wp-hook.php(332): WP_Hook->apply_filters('', Array)
#5 C:\xampp2\htdocs\inventory_manager\wp-includes\plugin.php(565): WP_Hook->do_action(Array)
#6 C:\xampp2\htdocs\inventory_manager\wp-cron.php(188): do_action_ref_array('run_cron', Array)
#7 {main}
  thrown in C:\xampp2\htdocs\inventory_manager\wp-content\plugins\inventory_manager\classes\Listing_Manager_Group.php on line 127

2023-03-14T12:45:04+00:00 CRITICAL Uncaught Error: Call to undefined method Ebay_Listing_Manager::check_listing_and_mark_sold() in C:\xampp2\htdocs\inventory_manager\wp-content\plugins\inventory_manager\classes\Listing_Manager_Group.php:127
Stack trace:
#0 C:\xampp2\htdocs\inventory_manager\wp-content\plugins\inventory_manager\classes\Listing_Manager_Group.php(113): Listing_Manager_Group->call_manager_fns('check_listing_a...', Object(WC_Product_Simple), false)
#1 C:\xampp2\htdocs\inventory_manager\wp-content\plugins\inventory_manager\functions\check_listings_and_update_products.php(21): Listing_Manager_Group->check_listing_and_mark_sold(Object(WC_Product_Simple), false)
#2 C:\xampp2\htdocs\inventory_manager\wp-content\plugins\inventory_manager\functions\actions\cron.php(8): check_listings_and_update_products()
#3 C:\xampp2\htdocs\inventory_manager\wp-includes\class-wp-hook.php(308): run_cron()
#4 C:\xampp2\htdocs\inventory_manager\wp-includes\class-wp-hook.php(332): WP_Hook->apply_filters('', Array)
#5 C:\xampp2\htdocs\inventory_manager\wp-includes\plugin.php(565): WP_Hook->do_action(Array)
#6 C:\xampp2\htdocs\inventory_manager\wp-cron.php(188): do_action_ref_array('run_cron', Array)
#7 {main}
  thrown in C:\xampp2\htdocs\inventory_manager\wp-content\plugins\inventory_manager\classes\Listing_Manager_Group.php on line 127

2023-03-14T12:45:05+00:00 CRITICAL Uncaught Error: Call to undefined method Ebay_Listing_Manager::check_listing_and_mark_sold() in C:\xampp2\htdocs\inventory_manager\wp-content\plugins\inventory_manager\classes\Listing_Manager_Group.php:127
Stack trace:
#0 C:\xampp2\htdocs\inventory_manager\wp-content\plugins\inventory_manager\classes\Listing_Manager_Group.php(113): Listing_Manager_Group->call_manager_fns('check_listing_a...', Object(WC_Product_Simple), false)
#1 C:\xampp2\htdocs\inventory_manager\wp-content\plugins\inventory_manager\functions\check_listings_and_update_products.php(21): Listing_Manager_Group->check_listing_and_mark_sold(Object(WC_Product_Simple), false)
#2 C:\xampp2\htdocs\inventory_manager\wp-content\plugins\inventory_manager\functions\actions\cron.php(8): check_listings_and_update_products()
#3 C:\xampp2\htdocs\inventory_manager\wp-includes\class-wp-hook.php(308): run_cron()
#4 C:\xampp2\htdocs\inventory_manager\wp-includes\class-wp-hook.php(332): WP_Hook->apply_filters('', Array)
#5 C:\xampp2\htdocs\inventory_manager\wp-includes\plugin.php(565): WP_Hook->do_action(Array)
#6 C:\xampp2\htdocs\inventory_manager\wp-cron.php(188): do_action_ref_array('run_cron', Array)
#7 {main}
  thrown in C:\xampp2\htdocs\inventory_manager\wp-content\plugins\inventory_manager\classes\Listing_Manager_Group.php on line 127

2023-03-14T12:47:36+00:00 CRITICAL Uncaught Error: Call to undefined method Ebay_Listing_Manager::check_listing_and_mark_sold() in C:\xampp2\htdocs\inventory_manager\wp-content\plugins\inventory_manager\classes\Listing_Manager_Group.php:127
Stack trace:
#0 C:\xampp2\htdocs\inventory_manager\wp-content\plugins\inventory_manager\classes\Listing_Manager_Group.php(113): Listing_Manager_Group->call_manager_fns('check_listing_a...', Object(WC_Product_Simple), false)
#1 C:\xampp2\htdocs\inventory_manager\wp-content\plugins\inventory_manager\functions\check_listings_and_update_products.php(21): Listing_Manager_Group->check_listing_and_mark_sold(Object(WC_Product_Simple), false)
#2 C:\xampp2\htdocs\inventory_manager\wp-content\plugins\inventory_manager\functions\actions\cron.php(8): check_listings_and_update_products()
#3 C:\xampp2\htdocs\inventory_manager\wp-includes\class-wp-hook.php(308): run_cron()
#4 C:\xampp2\htdocs\inventory_manager\wp-includes\class-wp-hook.php(332): WP_Hook->apply_filters('', Array)
#5 C:\xampp2\htdocs\inventory_manager\wp-includes\plugin.php(565): WP_Hook->do_action(Array)
#6 C:\xampp2\htdocs\inventory_manager\wp-cron.php(188): do_action_ref_array('run_cron', Array)
#7 {main}
  thrown in C:\xampp2\htdocs\inventory_manager\wp-content\plugins\inventory_manager\classes\Listing_Manager_Group.php on line 127

2023-03-14T12:48:35+00:00 CRITICAL Uncaught Error: Call to undefined method Ebay_Listing_Manager::check_listing_and_mark_sold() in C:\xampp2\htdocs\inventory_manager\wp-content\plugins\inventory_manager\classes\Listing_Manager_Group.php:127
Stack trace:
#0 C:\xampp2\htdocs\inventory_manager\wp-content\plugins\inventory_manager\classes\Listing_Manager_Group.php(113): Listing_Manager_Group->call_manager_fns('check_listing_a...', Object(WC_Product_Simple), false)
#1 C:\xampp2\htdocs\inventory_manager\wp-content\plugins\inventory_manager\functions\check_listings_and_update_products.php(21): Listing_Manager_Group->check_listing_and_mark_sold(Object(WC_Product_Simple), false)
#2 C:\xampp2\htdocs\inventory_manager\wp-content\plugins\inventory_manager\functions\actions\cron.php(8): check_listings_and_update_products()
#3 C:\xampp2\htdocs\inventory_manager\wp-includes\class-wp-hook.php(308): run_cron()
#4 C:\xampp2\htdocs\inventory_manager\wp-includes\class-wp-hook.php(332): WP_Hook->apply_filters('', Array)
#5 C:\xampp2\htdocs\inventory_manager\wp-includes\plugin.php(565): WP_Hook->do_action(Array)
#6 C:\xampp2\htdocs\inventory_manager\wp-cron.php(188): do_action_ref_array('run_cron', Array)
#7 {main}
  thrown in C:\xampp2\htdocs\inventory_manager\wp-content\plugins\inventory_manager\classes\Listing_Manager_Group.php on line 127

2023-03-14T12:49:54+00:00 CRITICAL Uncaught Error: Call to undefined method Ebay_Listing_Manager::check_listing_and_mark_sold() in C:\xampp2\htdocs\inventory_manager\wp-content\plugins\inventory_manager\classes\Listing_Manager_Group.php:127
Stack trace:
#0 C:\xampp2\htdocs\inventory_manager\wp-content\plugins\inventory_manager\classes\Listing_Manager_Group.php(113): Listing_Manager_Group->call_manager_fns('check_listing_a...', Object(WC_Product_Simple), false)
#1 C:\xampp2\htdocs\inventory_manager\wp-content\plugins\inventory_manager\functions\check_listings_and_update_products.php(21): Listing_Manager_Group->check_listing_and_mark_sold(Object(WC_Product_Simple), false)
#2 C:\xampp2\htdocs\inventory_manager\wp-content\plugins\inventory_manager\functions\actions\cron.php(8): check_listings_and_update_products()
#3 C:\xampp2\htdocs\inventory_manager\wp-includes\class-wp-hook.php(308): run_cron()
#4 C:\xampp2\htdocs\inventory_manager\wp-includes\class-wp-hook.php(332): WP_Hook->apply_filters('', Array)
#5 C:\xampp2\htdocs\inventory_manager\wp-includes\plugin.php(565): WP_Hook->do_action(Array)
#6 C:\xampp2\htdocs\inventory_manager\wp-cron.php(188): do_action_ref_array('run_cron', Array)
#7 {main}
  thrown in C:\xampp2\htdocs\inventory_manager\wp-content\plugins\inventory_manager\classes\Listing_Manager_Group.php on line 127

2023-03-14T12:51:55+00:00 CRITICAL Uncaught Error: Call to undefined method Ebay_Listing_Manager::check_listing_and_mark_sold() in C:\xampp2\htdocs\inventory_manager\wp-content\plugins\inventory_manager\classes\Listing_Manager_Group.php:127
Stack trace:
#0 C:\xampp2\htdocs\inventory_manager\wp-content\plugins\inventory_manager\classes\Listing_Manager_Group.php(113): Listing_Manager_Group->call_manager_fns('check_listing_a...', Object(WC_Product_Simple), false)
#1 C:\xampp2\htdocs\inventory_manager\wp-content\plugins\inventory_manager\functions\check_listings_and_update_products.php(21): Listing_Manager_Group->check_listing_and_mark_sold(Object(WC_Product_Simple), false)
#2 C:\xampp2\htdocs\inventory_manager\wp-content\plugins\inventory_manager\functions\actions\cron.php(8): check_listings_and_update_products()
#3 C:\xampp2\htdocs\inventory_manager\wp-includes\class-wp-hook.php(308): run_cron()
#4 C:\xampp2\htdocs\inventory_manager\wp-includes\class-wp-hook.php(332): WP_Hook->apply_filters('', Array)
#5 C:\xampp2\htdocs\inventory_manager\wp-includes\plugin.php(565): WP_Hook->do_action(Array)
#6 C:\xampp2\htdocs\inventory_manager\wp-cron.php(188): do_action_ref_array('run_cron', Array)
#7 {main}
  thrown in C:\xampp2\htdocs\inventory_manager\wp-content\plugins\inventory_manager\classes\Listing_Manager_Group.php on line 127

2023-03-14T12:53:06+00:00 CRITICAL Uncaught Error: Call to undefined method Ebay_Listing_Manager::check_listing_and_mark_sold() in C:\xampp2\htdocs\inventory_manager\wp-content\plugins\inventory_manager\classes\Listing_Manager_Group.php:127
Stack trace:
#0 C:\xampp2\htdocs\inventory_manager\wp-content\plugins\inventory_manager\classes\Listing_Manager_Group.php(113): Listing_Manager_Group->call_manager_fns('check_listing_a...', Object(WC_Product_Simple), false)
#1 C:\xampp2\htdocs\inventory_manager\wp-content\plugins\inventory_manager\functions\check_listings_and_update_products.php(21): Listing_Manager_Group->check_listing_and_mark_sold(Object(WC_Product_Simple), false)
#2 C:\xampp2\htdocs\inventory_manager\wp-content\plugins\inventory_manager\functions\actions\cron.php(8): check_listings_and_update_products()
#3 C:\xampp2\htdocs\inventory_manager\wp-includes\class-wp-hook.php(308): run_cron()
#4 C:\xampp2\htdocs\inventory_manager\wp-includes\class-wp-hook.php(332): WP_Hook->apply_filters('', Array)
#5 C:\xampp2\htdocs\inventory_manager\wp-includes\plugin.php(565): WP_Hook->do_action(Array)
#6 C:\xampp2\htdocs\inventory_manager\wp-cron.php(188): do_action_ref_array('run_cron', Array)
#7 {main}
  thrown in C:\xampp2\htdocs\inventory_manager\wp-content\plugins\inventory_manager\classes\Listing_Manager_Group.php on line 127

2023-03-14T12:54:11+00:00 CRITICAL Uncaught Error: Call to undefined method Ebay_Listing_Manager::check_listing_and_mark_sold() in C:\xampp2\htdocs\inventory_manager\wp-content\plugins\inventory_manager\classes\Listing_Manager_Group.php:127
Stack trace:
#0 C:\xampp2\htdocs\inventory_manager\wp-content\plugins\inventory_manager\classes\Listing_Manager_Group.php(113): Listing_Manager_Group->call_manager_fns('check_listing_a...', Object(WC_Product_Simple), false)
#1 C:\xampp2\htdocs\inventory_manager\wp-content\plugins\inventory_manager\functions\check_listings_and_update_products.php(21): Listing_Manager_Group->check_listing_and_mark_sold(Object(WC_Product_Simple), false)
#2 C:\xampp2\htdocs\inventory_manager\wp-content\plugins\inventory_manager\functions\actions\cron.php(8): check_listings_and_update_products()
#3 C:\xampp2\htdocs\inventory_manager\wp-includes\class-wp-hook.php(308): run_cron()
#4 C:\xampp2\htdocs\inventory_manager\wp-includes\class-wp-hook.php(332): WP_Hook->apply_filters('', Array)
#5 C:\xampp2\htdocs\inventory_manager\wp-includes\plugin.php(565): WP_Hook->do_action(Array)
#6 C:\xampp2\htdocs\inventory_manager\wp-cron.php(188): do_action_ref_array('run_cron', Array)
#7 {main}
  thrown in C:\xampp2\htdocs\inventory_manager\wp-content\plugins\inventory_manager\classes\Listing_Manager_Group.php on line 127

2023-03-14T12:54:11+00:00 CRITICAL Uncaught Error: Call to undefined method Ebay_Listing_Manager::check_listing_and_mark_sold() in C:\xampp2\htdocs\inventory_manager\wp-content\plugins\inventory_manager\classes\Listing_Manager_Group.php:127
Stack trace:
#0 C:\xampp2\htdocs\inventory_manager\wp-content\plugins\inventory_manager\classes\Listing_Manager_Group.php(113): Listing_Manager_Group->call_manager_fns('check_listing_a...', Object(WC_Product_Simple), false)
#1 C:\xampp2\htdocs\inventory_manager\wp-content\plugins\inventory_manager\functions\check_listings_and_update_products.php(21): Listing_Manager_Group->check_listing_and_mark_sold(Object(WC_Product_Simple), false)
#2 C:\xampp2\htdocs\inventory_manager\wp-content\plugins\inventory_manager\functions\actions\cron.php(8): check_listings_and_update_products()
#3 C:\xampp2\htdocs\inventory_manager\wp-includes\class-wp-hook.php(308): run_cron()
#4 C:\xampp2\htdocs\inventory_manager\wp-includes\class-wp-hook.php(332): WP_Hook->apply_filters('', Array)
#5 C:\xampp2\htdocs\inventory_manager\wp-includes\plugin.php(565): WP_Hook->do_action(Array)
#6 C:\xampp2\htdocs\inventory_manager\wp-cron.php(188): do_action_ref_array('run_cron', Array)
#7 {main}
  thrown in C:\xampp2\htdocs\inventory_manager\wp-content\plugins\inventory_manager\classes\Listing_Manager_Group.php on line 127

2023-03-14T12:55:13+00:00 CRITICAL Uncaught Error: Call to undefined method Ebay_Listing_Manager::check_listing_and_mark_sold() in C:\xampp2\htdocs\inventory_manager\wp-content\plugins\inventory_manager\classes\Listing_Manager_Group.php:127
Stack trace:
#0 C:\xampp2\htdocs\inventory_manager\wp-content\plugins\inventory_manager\classes\Listing_Manager_Group.php(113): Listing_Manager_Group->call_manager_fns('check_listing_a...', Object(WC_Product_Simple), false)
#1 C:\xampp2\htdocs\inventory_manager\wp-content\plugins\inventory_manager\functions\check_listings_and_update_products.php(21): Listing_Manager_Group->check_listing_and_mark_sold(Object(WC_Product_Simple), false)
#2 C:\xampp2\htdocs\inventory_manager\wp-content\plugins\inventory_manager\functions\actions\cron.php(8): check_listings_and_update_products()
#3 C:\xampp2\htdocs\inventory_manager\wp-includes\class-wp-hook.php(308): run_cron()
#4 C:\xampp2\htdocs\inventory_manager\wp-includes\class-wp-hook.php(332): WP_Hook->apply_filters('', Array)
#5 C:\xampp2\htdocs\inventory_manager\wp-includes\plugin.php(565): WP_Hook->do_action(Array)
#6 C:\xampp2\htdocs\inventory_manager\wp-cron.php(188): do_action_ref_array('run_cron', Array)
#7 {main}
  thrown in C:\xampp2\htdocs\inventory_manager\wp-content\plugins\inventory_manager\classes\Listing_Manager_Group.php on line 127

2023-03-14T12:56:14+00:00 CRITICAL Uncaught Error: Call to undefined method Ebay_Listing_Manager::check_listing_and_mark_sold() in C:\xampp2\htdocs\inventory_manager\wp-content\plugins\inventory_manager\classes\Listing_Manager_Group.php:127
Stack trace:
#0 C:\xampp2\htdocs\inventory_manager\wp-content\plugins\inventory_manager\classes\Listing_Manager_Group.php(113): Listing_Manager_Group->call_manager_fns('check_listing_a...', Object(WC_Product_Simple), false)
#1 C:\xampp2\htdocs\inventory_manager\wp-content\plugins\inventory_manager\functions\check_listings_and_update_products.php(21): Listing_Manager_Group->check_listing_and_mark_sold(Object(WC_Product_Simple), false)
#2 C:\xampp2\htdocs\inventory_manager\wp-content\plugins\inventory_manager\functions\actions\cron.php(8): check_listings_and_update_products()
#3 C:\xampp2\htdocs\inventory_manager\wp-includes\class-wp-hook.php(308): run_cron()
#4 C:\xampp2\htdocs\inventory_manager\wp-includes\class-wp-hook.php(332): WP_Hook->apply_filters('', Array)
#5 C:\xampp2\htdocs\inventory_manager\wp-includes\plugin.php(565): WP_Hook->do_action(Array)
#6 C:\xampp2\htdocs\inventory_manager\wp-cron.php(188): do_action_ref_array('run_cron', Array)
#7 {main}
  thrown in C:\xampp2\htdocs\inventory_manager\wp-content\plugins\inventory_manager\classes\Listing_Manager_Group.php on line 127

2023-03-14T12:58:42+00:00 CRITICAL Uncaught Error: Call to undefined method Ebay_Listing_Manager::check_listing_and_mark_sold() in C:\xampp2\htdocs\inventory_manager\wp-content\plugins\inventory_manager\classes\Listing_Manager_Group.php:127
Stack trace:
#0 C:\xampp2\htdocs\inventory_manager\wp-content\plugins\inventory_manager\classes\Listing_Manager_Group.php(113): Listing_Manager_Group->call_manager_fns('check_listing_a...', Object(WC_Product_Simple), false)
#1 C:\xampp2\htdocs\inventory_manager\wp-content\plugins\inventory_manager\functions\check_listings_and_update_products.php(21): Listing_Manager_Group->check_listing_and_mark_sold(Object(WC_Product_Simple), false)
#2 C:\xampp2\htdocs\inventory_manager\wp-content\plugins\inventory_manager\functions\actions\cron.php(8): check_listings_and_update_products()
#3 C:\xampp2\htdocs\inventory_manager\wp-includes\class-wp-hook.php(308): run_cron()
#4 C:\xampp2\htdocs\inventory_manager\wp-includes\class-wp-hook.php(332): WP_Hook->apply_filters('', Array)
#5 C:\xampp2\htdocs\inventory_manager\wp-includes\plugin.php(565): WP_Hook->do_action(Array)
#6 C:\xampp2\htdocs\inventory_manager\wp-cron.php(188): do_action_ref_array('run_cron', Array)
#7 {main}
  thrown in C:\xampp2\htdocs\inventory_manager\wp-content\plugins\inventory_manager\classes\Listing_Manager_Group.php on line 127

2023-03-14T12:59:58+00:00 CRITICAL Uncaught Error: Call to undefined method Ebay_Listing_Manager::check_listing_and_mark_sold() in C:\xampp2\htdocs\inventory_manager\wp-content\plugins\inventory_manager\classes\Listing_Manager_Group.php:127
Stack trace:
#0 C:\xampp2\htdocs\inventory_manager\wp-content\plugins\inventory_manager\classes\Listing_Manager_Group.php(113): Listing_Manager_Group->call_manager_fns('check_listing_a...', Object(WC_Product_Simple), false)
#1 C:\xampp2\htdocs\inventory_manager\wp-content\plugins\inventory_manager\functions\check_listings_and_update_products.php(21): Listing_Manager_Group->check_listing_and_mark_sold(Object(WC_Product_Simple), false)
#2 C:\xampp2\htdocs\inventory_manager\wp-content\plugins\inventory_manager\functions\actions\cron.php(8): check_listings_and_update_products()
#3 C:\xampp2\htdocs\inventory_manager\wp-includes\class-wp-hook.php(308): run_cron()
#4 C:\xampp2\htdocs\inventory_manager\wp-includes\class-wp-hook.php(332): WP_Hook->apply_filters('', Array)
#5 C:\xampp2\htdocs\inventory_manager\wp-includes\plugin.php(565): WP_Hook->do_action(Array)
#6 C:\xampp2\htdocs\inventory_manager\wp-cron.php(188): do_action_ref_array('run_cron', Array)
#7 {main}
  thrown in C:\xampp2\htdocs\inventory_manager\wp-content\plugins\inventory_manager\classes\Listing_Manager_Group.php on line 127

2023-03-14T13:02:51+00:00 CRITICAL Uncaught Error: Call to undefined method Ebay_Listing_Manager::check_listing_and_mark_sold() in C:\xampp2\htdocs\inventory_manager\wp-content\plugins\inventory_manager\classes\Listing_Manager_Group.php:127
Stack trace:
#0 C:\xampp2\htdocs\inventory_manager\wp-content\plugins\inventory_manager\classes\Listing_Manager_Group.php(113): Listing_Manager_Group->call_manager_fns('check_listing_a...', Object(WC_Product_Simple), false)
#1 C:\xampp2\htdocs\inventory_manager\wp-content\plugins\inventory_manager\functions\check_listings_and_update_products.php(21): Listing_Manager_Group->check_listing_and_mark_sold(Object(WC_Product_Simple), false)
#2 C:\xampp2\htdocs\inventory_manager\wp-content\plugins\inventory_manager\functions\actions\cron.php(8): check_listings_and_update_products()
#3 C:\xampp2\htdocs\inventory_manager\wp-includes\class-wp-hook.php(308): run_cron()
#4 C:\xampp2\htdocs\inventory_manager\wp-includes\class-wp-hook.php(332): WP_Hook->apply_filters('', Array)
#5 C:\xampp2\htdocs\inventory_manager\wp-includes\plugin.php(565): WP_Hook->do_action(Array)
#6 C:\xampp2\htdocs\inventory_manager\wp-cron.php(188): do_action_ref_array('run_cron', Array)
#7 {main}
  thrown in C:\xampp2\htdocs\inventory_manager\wp-content\plugins\inventory_manager\classes\Listing_Manager_Group.php on line 127

2023-03-14T13:04:27+00:00 CRITICAL Uncaught Error: Call to undefined method Ebay_Listing_Manager::check_listing_and_mark_sold() in C:\xampp2\htdocs\inventory_manager\wp-content\plugins\inventory_manager\classes\Listing_Manager_Group.php:127
Stack trace:
#0 C:\xampp2\htdocs\inventory_manager\wp-content\plugins\inventory_manager\classes\Listing_Manager_Group.php(113): Listing_Manager_Group->call_manager_fns('check_listing_a...', Object(WC_Product_Simple), false)
#1 C:\xampp2\htdocs\inventory_manager\wp-content\plugins\inventory_manager\functions\check_listings_and_update_products.php(21): Listing_Manager_Group->check_listing_and_mark_sold(Object(WC_Product_Simple), false)
#2 C:\xampp2\htdocs\inventory_manager\wp-content\plugins\inventory_manager\functions\actions\cron.php(8): check_listings_and_update_products()
#3 C:\xampp2\htdocs\inventory_manager\wp-includes\class-wp-hook.php(308): run_cron()
#4 C:\xampp2\htdocs\inventory_manager\wp-includes\class-wp-hook.php(332): WP_Hook->apply_filters('', Array)
#5 C:\xampp2\htdocs\inventory_manager\wp-includes\plugin.php(565): WP_Hook->do_action(Array)
#6 C:\xampp2\htdocs\inventory_manager\wp-cron.php(188): do_action_ref_array('run_cron', Array)
#7 {main}
  thrown in C:\xampp2\htdocs\inventory_manager\wp-content\plugins\inventory_manager\classes\Listing_Manager_Group.php on line 127

2023-03-14T13:14:23+00:00 CRITICAL Uncaught Error: Call to undefined method Ebay_Listing_Manager::check_listing_and_mark_sold() in C:\xampp2\htdocs\inventory_manager\wp-content\plugins\inventory_manager\classes\Listing_Manager_Group.php:127
Stack trace:
#0 C:\xampp2\htdocs\inventory_manager\wp-content\plugins\inventory_manager\classes\Listing_Manager_Group.php(113): Listing_Manager_Group->call_manager_fns('check_listing_a...', Object(WC_Product_Simple), false)
#1 C:\xampp2\htdocs\inventory_manager\wp-content\plugins\inventory_manager\functions\check_listings_and_update_products.php(21): Listing_Manager_Group->check_listing_and_mark_sold(Object(WC_Product_Simple), false)
#2 C:\xampp2\htdocs\inventory_manager\wp-content\plugins\inventory_manager\functions\actions\cron.php(8): check_listings_and_update_products()
#3 C:\xampp2\htdocs\inventory_manager\wp-includes\class-wp-hook.php(308): run_cron()
#4 C:\xampp2\htdocs\inventory_manager\wp-includes\class-wp-hook.php(332): WP_Hook->apply_filters('', Array)
#5 C:\xampp2\htdocs\inventory_manager\wp-includes\plugin.php(565): WP_Hook->do_action(Array)
#6 C:\xampp2\htdocs\inventory_manager\wp-cron.php(188): do_action_ref_array('run_cron', Array)
#7 {main}
  thrown in C:\xampp2\htdocs\inventory_manager\wp-content\plugins\inventory_manager\classes\Listing_Manager_Group.php on line 127

2023-03-14T13:16:34+00:00 CRITICAL Uncaught Error: Call to undefined method Ebay_Listing_Manager::check_listing_and_mark_sold() in C:\xampp2\htdocs\inventory_manager\wp-content\plugins\inventory_manager\classes\Listing_Manager_Group.php:127
Stack trace:
#0 C:\xampp2\htdocs\inventory_manager\wp-content\plugins\inventory_manager\classes\Listing_Manager_Group.php(113): Listing_Manager_Group->call_manager_fns('check_listing_a...', Object(WC_Product_Simple), false)
#1 C:\xampp2\htdocs\inventory_manager\wp-content\plugins\inventory_manager\functions\check_listings_and_update_products.php(21): Listing_Manager_Group->check_listing_and_mark_sold(Object(WC_Product_Simple), false)
#2 C:\xampp2\htdocs\inventory_manager\wp-content\plugins\inventory_manager\functions\actions\cron.php(8): check_listings_and_update_products()
#3 C:\xampp2\htdocs\inventory_manager\wp-includes\class-wp-hook.php(308): run_cron()
#4 C:\xampp2\htdocs\inventory_manager\wp-includes\class-wp-hook.php(332): WP_Hook->apply_filters('', Array)
#5 C:\xampp2\htdocs\inventory_manager\wp-includes\plugin.php(565): WP_Hook->do_action(Array)
#6 C:\xampp2\htdocs\inventory_manager\wp-cron.php(188): do_action_ref_array('run_cron', Array)
#7 {main}
  thrown in C:\xampp2\htdocs\inventory_manager\wp-content\plugins\inventory_manager\classes\Listing_Manager_Group.php on line 127

2023-03-14T13:17:35+00:00 CRITICAL Uncaught Error: Call to undefined method Ebay_Listing_Manager::check_listing_and_mark_sold() in C:\xampp2\htdocs\inventory_manager\wp-content\plugins\inventory_manager\classes\Listing_Manager_Group.php:127
Stack trace:
#0 C:\xampp2\htdocs\inventory_manager\wp-content\plugins\inventory_manager\classes\Listing_Manager_Group.php(113): Listing_Manager_Group->call_manager_fns('check_listing_a...', Object(WC_Product_Simple), false)
#1 C:\xampp2\htdocs\inventory_manager\wp-content\plugins\inventory_manager\functions\check_listings_and_update_products.php(21): Listing_Manager_Group->check_listing_and_mark_sold(Object(WC_Product_Simple), false)
#2 C:\xampp2\htdocs\inventory_manager\wp-content\plugins\inventory_manager\functions\actions\cron.php(8): check_listings_and_update_products()
#3 C:\xampp2\htdocs\inventory_manager\wp-includes\class-wp-hook.php(308): run_cron()
#4 C:\xampp2\htdocs\inventory_manager\wp-includes\class-wp-hook.php(332): WP_Hook->apply_filters('', Array)
#5 C:\xampp2\htdocs\inventory_manager\wp-includes\plugin.php(565): WP_Hook->do_action(Array)
#6 C:\xampp2\htdocs\inventory_manager\wp-cron.php(188): do_action_ref_array('run_cron', Array)
#7 {main}
  thrown in C:\xampp2\htdocs\inventory_manager\wp-content\plugins\inventory_manager\classes\Listing_Manager_Group.php on line 127

2023-03-14T13:20:06+00:00 CRITICAL Uncaught Error: Call to undefined method Ebay_Listing_Manager::check_listing_and_mark_sold() in C:\xampp2\htdocs\inventory_manager\wp-content\plugins\inventory_manager\classes\Listing_Manager_Group.php:127
Stack trace:
#0 C:\xampp2\htdocs\inventory_manager\wp-content\plugins\inventory_manager\classes\Listing_Manager_Group.php(113): Listing_Manager_Group->call_manager_fns('check_listing_a...', Object(WC_Product_Simple), false)
#1 C:\xampp2\htdocs\inventory_manager\wp-content\plugins\inventory_manager\functions\check_listings_and_update_products.php(21): Listing_Manager_Group->check_listing_and_mark_sold(Object(WC_Product_Simple), false)
#2 C:\xampp2\htdocs\inventory_manager\wp-content\plugins\inventory_manager\functions\actions\cron.php(8): check_listings_and_update_products()
#3 C:\xampp2\htdocs\inventory_manager\wp-includes\class-wp-hook.php(308): run_cron()
#4 C:\xampp2\htdocs\inventory_manager\wp-includes\class-wp-hook.php(332): WP_Hook->apply_filters('', Array)
#5 C:\xampp2\htdocs\inventory_manager\wp-includes\plugin.php(565): WP_Hook->do_action(Array)
#6 C:\xampp2\htdocs\inventory_manager\wp-cron.php(188): do_action_ref_array('run_cron', Array)
#7 {main}
  thrown in C:\xampp2\htdocs\inventory_manager\wp-content\plugins\inventory_manager\classes\Listing_Manager_Group.php on line 127

2023-03-14T13:22:14+00:00 CRITICAL Uncaught Error: Call to undefined method Ebay_Listing_Manager::check_listing_and_mark_sold() in C:\xampp2\htdocs\inventory_manager\wp-content\plugins\inventory_manager\classes\Listing_Manager_Group.php:127
Stack trace:
#0 C:\xampp2\htdocs\inventory_manager\wp-content\plugins\inventory_manager\classes\Listing_Manager_Group.php(113): Listing_Manager_Group->call_manager_fns('check_listing_a...', Object(WC_Product_Simple), false)
#1 C:\xampp2\htdocs\inventory_manager\wp-content\plugins\inventory_manager\functions\check_listings_and_update_products.php(21): Listing_Manager_Group->check_listing_and_mark_sold(Object(WC_Product_Simple), false)
#2 C:\xampp2\htdocs\inventory_manager\wp-content\plugins\inventory_manager\functions\actions\cron.php(8): check_listings_and_update_products()
#3 C:\xampp2\htdocs\inventory_manager\wp-includes\class-wp-hook.php(308): run_cron()
#4 C:\xampp2\htdocs\inventory_manager\wp-includes\class-wp-hook.php(332): WP_Hook->apply_filters('', Array)
#5 C:\xampp2\htdocs\inventory_manager\wp-includes\plugin.php(565): WP_Hook->do_action(Array)
#6 C:\xampp2\htdocs\inventory_manager\wp-cron.php(188): do_action_ref_array('run_cron', Array)
#7 {main}
  thrown in C:\xampp2\htdocs\inventory_manager\wp-content\plugins\inventory_manager\classes\Listing_Manager_Group.php on line 127

2023-03-14T13:24:02+00:00 CRITICAL Uncaught Error: Call to undefined method Ebay_Listing_Manager::check_listing_and_mark_sold() in C:\xampp2\htdocs\inventory_manager\wp-content\plugins\inventory_manager\classes\Listing_Manager_Group.php:127
Stack trace:
#0 C:\xampp2\htdocs\inventory_manager\wp-content\plugins\inventory_manager\classes\Listing_Manager_Group.php(113): Listing_Manager_Group->call_manager_fns('check_listing_a...', Object(WC_Product_Simple), false)
#1 C:\xampp2\htdocs\inventory_manager\wp-content\plugins\inventory_manager\functions\check_listings_and_update_products.php(21): Listing_Manager_Group->check_listing_and_mark_sold(Object(WC_Product_Simple), false)
#2 C:\xampp2\htdocs\inventory_manager\wp-content\plugins\inventory_manager\functions\actions\cron.php(8): check_listings_and_update_products()
#3 C:\xampp2\htdocs\inventory_manager\wp-includes\class-wp-hook.php(308): run_cron()
#4 C:\xampp2\htdocs\inventory_manager\wp-includes\class-wp-hook.php(332): WP_Hook->apply_filters('', Array)
#5 C:\xampp2\htdocs\inventory_manager\wp-includes\plugin.php(565): WP_Hook->do_action(Array)
#6 C:\xampp2\htdocs\inventory_manager\wp-cron.php(188): do_action_ref_array('run_cron', Array)
#7 {main}
  thrown in C:\xampp2\htdocs\inventory_manager\wp-content\plugins\inventory_manager\classes\Listing_Manager_Group.php on line 127

2023-03-14T13:24:04+00:00 CRITICAL Uncaught Error: Call to undefined method Ebay_Listing_Manager::check_listing_and_mark_sold() in C:\xampp2\htdocs\inventory_manager\wp-content\plugins\inventory_manager\classes\Listing_Manager_Group.php:127
Stack trace:
#0 C:\xampp2\htdocs\inventory_manager\wp-content\plugins\inventory_manager\classes\Listing_Manager_Group.php(113): Listing_Manager_Group->call_manager_fns('check_listing_a...', Object(WC_Product_Simple), false)
#1 C:\xampp2\htdocs\inventory_manager\wp-content\plugins\inventory_manager\functions\check_listings_and_update_products.php(21): Listing_Manager_Group->check_listing_and_mark_sold(Object(WC_Product_Simple), false)
#2 C:\xampp2\htdocs\inventory_manager\wp-content\plugins\inventory_manager\functions\actions\cron.php(8): check_listings_and_update_products()
#3 C:\xampp2\htdocs\inventory_manager\wp-includes\class-wp-hook.php(308): run_cron()
#4 C:\xampp2\htdocs\inventory_manager\wp-includes\class-wp-hook.php(332): WP_Hook->apply_filters('', Array)
#5 C:\xampp2\htdocs\inventory_manager\wp-includes\plugin.php(565): WP_Hook->do_action(Array)
#6 C:\xampp2\htdocs\inventory_manager\wp-cron.php(188): do_action_ref_array('run_cron', Array)
#7 {main}
  thrown in C:\xampp2\htdocs\inventory_manager\wp-content\plugins\inventory_manager\classes\Listing_Manager_Group.php on line 127

2023-03-14T13:26:36+00:00 CRITICAL Uncaught Error: Call to undefined method Ebay_Listing_Manager::check_listing_and_mark_sold() in C:\xampp2\htdocs\inventory_manager\wp-content\plugins\inventory_manager\classes\Listing_Manager_Group.php:127
Stack trace:
#0 C:\xampp2\htdocs\inventory_manager\wp-content\plugins\inventory_manager\classes\Listing_Manager_Group.php(113): Listing_Manager_Group->call_manager_fns('check_listing_a...', Object(WC_Product_Simple), false)
#1 C:\xampp2\htdocs\inventory_manager\wp-content\plugins\inventory_manager\functions\check_listings_and_update_products.php(21): Listing_Manager_Group->check_listing_and_mark_sold(Object(WC_Product_Simple), false)
#2 C:\xampp2\htdocs\inventory_manager\wp-content\plugins\inventory_manager\functions\actions\cron.php(8): check_listings_and_update_products()
#3 C:\xampp2\htdocs\inventory_manager\wp-includes\class-wp-hook.php(308): run_cron()
#4 C:\xampp2\htdocs\inventory_manager\wp-includes\class-wp-hook.php(332): WP_Hook->apply_filters('', Array)
#5 C:\xampp2\htdocs\inventory_manager\wp-includes\plugin.php(565): WP_Hook->do_action(Array)
#6 C:\xampp2\htdocs\inventory_manager\wp-cron.php(188): do_action_ref_array('run_cron', Array)
#7 {main}
  thrown in C:\xampp2\htdocs\inventory_manager\wp-content\plugins\inventory_manager\classes\Listing_Manager_Group.php on line 127

2023-03-14T13:27:54+00:00 CRITICAL Uncaught Error: Call to undefined method Ebay_Listing_Manager::check_listing_and_mark_sold() in C:\xampp2\htdocs\inventory_manager\wp-content\plugins\inventory_manager\classes\Listing_Manager_Group.php:127
Stack trace:
#0 C:\xampp2\htdocs\inventory_manager\wp-content\plugins\inventory_manager\classes\Listing_Manager_Group.php(113): Listing_Manager_Group->call_manager_fns('check_listing_a...', Object(WC_Product_Simple), false)
#1 C:\xampp2\htdocs\inventory_manager\wp-content\plugins\inventory_manager\functions\check_listings_and_update_products.php(21): Listing_Manager_Group->check_listing_and_mark_sold(Object(WC_Product_Simple), false)
#2 C:\xampp2\htdocs\inventory_manager\wp-content\plugins\inventory_manager\functions\actions\cron.php(8): check_listings_and_update_products()
#3 C:\xampp2\htdocs\inventory_manager\wp-includes\class-wp-hook.php(308): run_cron()
#4 C:\xampp2\htdocs\inventory_manager\wp-includes\class-wp-hook.php(332): WP_Hook->apply_filters('', Array)
#5 C:\xampp2\htdocs\inventory_manager\wp-includes\plugin.php(565): WP_Hook->do_action(Array)
#6 C:\xampp2\htdocs\inventory_manager\wp-cron.php(188): do_action_ref_array('run_cron', Array)
#7 {main}
  thrown in C:\xampp2\htdocs\inventory_manager\wp-content\plugins\inventory_manager\classes\Listing_Manager_Group.php on line 127

2023-03-14T13:28:58+00:00 CRITICAL Uncaught Error: Call to undefined method Ebay_Listing_Manager::check_listing_and_mark_sold() in C:\xampp2\htdocs\inventory_manager\wp-content\plugins\inventory_manager\classes\Listing_Manager_Group.php:127
Stack trace:
#0 C:\xampp2\htdocs\inventory_manager\wp-content\plugins\inventory_manager\classes\Listing_Manager_Group.php(113): Listing_Manager_Group->call_manager_fns('check_listing_a...', Object(WC_Product_Simple), false)
#1 C:\xampp2\htdocs\inventory_manager\wp-content\plugins\inventory_manager\functions\check_listings_and_update_products.php(21): Listing_Manager_Group->check_listing_and_mark_sold(Object(WC_Product_Simple), false)
#2 C:\xampp2\htdocs\inventory_manager\wp-content\plugins\inventory_manager\functions\actions\cron.php(8): check_listings_and_update_products()
#3 C:\xampp2\htdocs\inventory_manager\wp-includes\class-wp-hook.php(308): run_cron()
#4 C:\xampp2\htdocs\inventory_manager\wp-includes\class-wp-hook.php(332): WP_Hook->apply_filters('', Array)
#5 C:\xampp2\htdocs\inventory_manager\wp-includes\plugin.php(565): WP_Hook->do_action(Array)
#6 C:\xampp2\htdocs\inventory_manager\wp-cron.php(188): do_action_ref_array('run_cron', Array)
#7 {main}
  thrown in C:\xampp2\htdocs\inventory_manager\wp-content\plugins\inventory_manager\classes\Listing_Manager_Group.php on line 127

2023-03-14T13:29:58+00:00 CRITICAL Uncaught Error: Call to undefined method Ebay_Listing_Manager::check_listing_and_mark_sold() in C:\xampp2\htdocs\inventory_manager\wp-content\plugins\inventory_manager\classes\Listing_Manager_Group.php:127
Stack trace:
#0 C:\xampp2\htdocs\inventory_manager\wp-content\plugins\inventory_manager\classes\Listing_Manager_Group.php(113): Listing_Manager_Group->call_manager_fns('check_listing_a...', Object(WC_Product_Simple), false)
#1 C:\xampp2\htdocs\inventory_manager\wp-content\plugins\inventory_manager\functions\check_listings_and_update_products.php(21): Listing_Manager_Group->check_listing_and_mark_sold(Object(WC_Product_Simple), false)
#2 C:\xampp2\htdocs\inventory_manager\wp-content\plugins\inventory_manager\functions\actions\cron.php(8): check_listings_and_update_products()
#3 C:\xampp2\htdocs\inventory_manager\wp-includes\class-wp-hook.php(308): run_cron()
#4 C:\xampp2\htdocs\inventory_manager\wp-includes\class-wp-hook.php(332): WP_Hook->apply_filters('', Array)
#5 C:\xampp2\htdocs\inventory_manager\wp-includes\plugin.php(565): WP_Hook->do_action(Array)
#6 C:\xampp2\htdocs\inventory_manager\wp-cron.php(188): do_action_ref_array('run_cron', Array)
#7 {main}
  thrown in C:\xampp2\htdocs\inventory_manager\wp-content\plugins\inventory_manager\classes\Listing_Manager_Group.php on line 127

2023-03-14T13:32:18+00:00 CRITICAL Uncaught Error: Call to undefined method Ebay_Listing_Manager::check_listing_and_mark_sold() in C:\xampp2\htdocs\inventory_manager\wp-content\plugins\inventory_manager\classes\Listing_Manager_Group.php:127
Stack trace:
#0 C:\xampp2\htdocs\inventory_manager\wp-content\plugins\inventory_manager\classes\Listing_Manager_Group.php(113): Listing_Manager_Group->call_manager_fns('check_listing_a...', Object(WC_Product_Simple), false)
#1 C:\xampp2\htdocs\inventory_manager\wp-content\plugins\inventory_manager\functions\check_listings_and_update_products.php(21): Listing_Manager_Group->check_listing_and_mark_sold(Object(WC_Product_Simple), false)
#2 C:\xampp2\htdocs\inventory_manager\wp-content\plugins\inventory_manager\functions\actions\cron.php(8): check_listings_and_update_products()
#3 C:\xampp2\htdocs\inventory_manager\wp-includes\class-wp-hook.php(308): run_cron()
#4 C:\xampp2\htdocs\inventory_manager\wp-includes\class-wp-hook.php(332): WP_Hook->apply_filters('', Array)
#5 C:\xampp2\htdocs\inventory_manager\wp-includes\plugin.php(565): WP_Hook->do_action(Array)
#6 C:\xampp2\htdocs\inventory_manager\wp-cron.php(188): do_action_ref_array('run_cron', Array)
#7 {main}
  thrown in C:\xampp2\htdocs\inventory_manager\wp-content\plugins\inventory_manager\classes\Listing_Manager_Group.php on line 127

2023-03-14T13:33:26+00:00 CRITICAL Uncaught Error: Call to undefined method Ebay_Listing_Manager::check_listing_and_mark_sold() in C:\xampp2\htdocs\inventory_manager\wp-content\plugins\inventory_manager\classes\Listing_Manager_Group.php:127
Stack trace:
#0 C:\xampp2\htdocs\inventory_manager\wp-content\plugins\inventory_manager\classes\Listing_Manager_Group.php(113): Listing_Manager_Group->call_manager_fns('check_listing_a...', Object(WC_Product_Simple), false)
#1 C:\xampp2\htdocs\inventory_manager\wp-content\plugins\inventory_manager\functions\check_listings_and_update_products.php(21): Listing_Manager_Group->check_listing_and_mark_sold(Object(WC_Product_Simple), false)
#2 C:\xampp2\htdocs\inventory_manager\wp-content\plugins\inventory_manager\functions\actions\cron.php(8): check_listings_and_update_products()
#3 C:\xampp2\htdocs\inventory_manager\wp-includes\class-wp-hook.php(308): run_cron()
#4 C:\xampp2\htdocs\inventory_manager\wp-includes\class-wp-hook.php(332): WP_Hook->apply_filters('', Array)
#5 C:\xampp2\htdocs\inventory_manager\wp-includes\plugin.php(565): WP_Hook->do_action(Array)
#6 C:\xampp2\htdocs\inventory_manager\wp-cron.php(188): do_action_ref_array('run_cron', Array)
#7 {main}
  thrown in C:\xampp2\htdocs\inventory_manager\wp-content\plugins\inventory_manager\classes\Listing_Manager_Group.php on line 127

2023-03-14T13:34:28+00:00 CRITICAL Uncaught Error: Call to undefined method Ebay_Listing_Manager::check_listing_and_mark_sold() in C:\xampp2\htdocs\inventory_manager\wp-content\plugins\inventory_manager\classes\Listing_Manager_Group.php:127
Stack trace:
#0 C:\xampp2\htdocs\inventory_manager\wp-content\plugins\inventory_manager\classes\Listing_Manager_Group.php(113): Listing_Manager_Group->call_manager_fns('check_listing_a...', Object(WC_Product_Simple), false)
#1 C:\xampp2\htdocs\inventory_manager\wp-content\plugins\inventory_manager\functions\check_listings_and_update_products.php(21): Listing_Manager_Group->check_listing_and_mark_sold(Object(WC_Product_Simple), false)
#2 C:\xampp2\htdocs\inventory_manager\wp-content\plugins\inventory_manager\functions\actions\cron.php(8): check_listings_and_update_products()
#3 C:\xampp2\htdocs\inventory_manager\wp-includes\class-wp-hook.php(308): run_cron()
#4 C:\xampp2\htdocs\inventory_manager\wp-includes\class-wp-hook.php(332): WP_Hook->apply_filters('', Array)
#5 C:\xampp2\htdocs\inventory_manager\wp-includes\plugin.php(565): WP_Hook->do_action(Array)
#6 C:\xampp2\htdocs\inventory_manager\wp-cron.php(188): do_action_ref_array('run_cron', Array)
#7 {main}
  thrown in C:\xampp2\htdocs\inventory_manager\wp-content\plugins\inventory_manager\classes\Listing_Manager_Group.php on line 127

2023-03-14T13:34:28+00:00 CRITICAL Uncaught Error: Call to undefined method Ebay_Listing_Manager::check_listing_and_mark_sold() in C:\xampp2\htdocs\inventory_manager\wp-content\plugins\inventory_manager\classes\Listing_Manager_Group.php:127
Stack trace:
#0 C:\xampp2\htdocs\inventory_manager\wp-content\plugins\inventory_manager\classes\Listing_Manager_Group.php(113): Listing_Manager_Group->call_manager_fns('check_listing_a...', Object(WC_Product_Simple), false)
#1 C:\xampp2\htdocs\inventory_manager\wp-content\plugins\inventory_manager\functions\check_listings_and_update_products.php(21): Listing_Manager_Group->check_listing_and_mark_sold(Object(WC_Product_Simple), false)
#2 C:\xampp2\htdocs\inventory_manager\wp-content\plugins\inventory_manager\functions\actions\cron.php(8): check_listings_and_update_products()
#3 C:\xampp2\htdocs\inventory_manager\wp-includes\class-wp-hook.php(308): run_cron()
#4 C:\xampp2\htdocs\inventory_manager\wp-includes\class-wp-hook.php(332): WP_Hook->apply_filters('', Array)
#5 C:\xampp2\htdocs\inventory_manager\wp-includes\plugin.php(565): WP_Hook->do_action(Array)
#6 C:\xampp2\htdocs\inventory_manager\wp-cron.php(188): do_action_ref_array('run_cron', Array)
#7 {main}
  thrown in C:\xampp2\htdocs\inventory_manager\wp-content\plugins\inventory_manager\classes\Listing_Manager_Group.php on line 127

2023-03-14T13:34:28+00:00 CRITICAL Uncaught Error: Call to undefined method Ebay_Listing_Manager::check_listing_and_mark_sold() in C:\xampp2\htdocs\inventory_manager\wp-content\plugins\inventory_manager\classes\Listing_Manager_Group.php:127
Stack trace:
#0 C:\xampp2\htdocs\inventory_manager\wp-content\plugins\inventory_manager\classes\Listing_Manager_Group.php(113): Listing_Manager_Group->call_manager_fns('check_listing_a...', Object(WC_Product_Simple), false)
#1 C:\xampp2\htdocs\inventory_manager\wp-content\plugins\inventory_manager\functions\check_listings_and_update_products.php(21): Listing_Manager_Group->check_listing_and_mark_sold(Object(WC_Product_Simple), false)
#2 C:\xampp2\htdocs\inventory_manager\wp-content\plugins\inventory_manager\functions\actions\cron.php(8): check_listings_and_update_products()
#3 C:\xampp2\htdocs\inventory_manager\wp-includes\class-wp-hook.php(308): run_cron()
#4 C:\xampp2\htdocs\inventory_manager\wp-includes\class-wp-hook.php(332): WP_Hook->apply_filters('', Array)
#5 C:\xampp2\htdocs\inventory_manager\wp-includes\plugin.php(565): WP_Hook->do_action(Array)
#6 C:\xampp2\htdocs\inventory_manager\wp-cron.php(188): do_action_ref_array('run_cron', Array)
#7 {main}
  thrown in C:\xampp2\htdocs\inventory_manager\wp-content\plugins\inventory_manager\classes\Listing_Manager_Group.php on line 127

2023-03-14T13:36:43+00:00 CRITICAL Uncaught Error: Call to undefined method Ebay_Listing_Manager::check_listing_and_mark_sold() in C:\xampp2\htdocs\inventory_manager\wp-content\plugins\inventory_manager\classes\Listing_Manager_Group.php:127
Stack trace:
#0 C:\xampp2\htdocs\inventory_manager\wp-content\plugins\inventory_manager\classes\Listing_Manager_Group.php(113): Listing_Manager_Group->call_manager_fns('check_listing_a...', Object(WC_Product_Simple), false)
#1 C:\xampp2\htdocs\inventory_manager\wp-content\plugins\inventory_manager\functions\check_listings_and_update_products.php(21): Listing_Manager_Group->check_listing_and_mark_sold(Object(WC_Product_Simple), false)
#2 C:\xampp2\htdocs\inventory_manager\wp-content\plugins\inventory_manager\functions\actions\cron.php(8): check_listings_and_update_products()
#3 C:\xampp2\htdocs\inventory_manager\wp-includes\class-wp-hook.php(308): run_cron()
#4 C:\xampp2\htdocs\inventory_manager\wp-includes\class-wp-hook.php(332): WP_Hook->apply_filters('', Array)
#5 C:\xampp2\htdocs\inventory_manager\wp-includes\plugin.php(565): WP_Hook->do_action(Array)
#6 C:\xampp2\htdocs\inventory_manager\wp-cron.php(188): do_action_ref_array('run_cron', Array)
#7 {main}
  thrown in C:\xampp2\htdocs\inventory_manager\wp-content\plugins\inventory_manager\classes\Listing_Manager_Group.php on line 127

2023-03-14T13:38:44+00:00 CRITICAL Uncaught Error: Call to undefined method Ebay_Listing_Manager::check_listing_and_mark_sold() in C:\xampp2\htdocs\inventory_manager\wp-content\plugins\inventory_manager\classes\Listing_Manager_Group.php:127
Stack trace:
#0 C:\xampp2\htdocs\inventory_manager\wp-content\plugins\inventory_manager\classes\Listing_Manager_Group.php(113): Listing_Manager_Group->call_manager_fns('check_listing_a...', Object(WC_Product_Simple), false)
#1 C:\xampp2\htdocs\inventory_manager\wp-content\plugins\inventory_manager\functions\check_listings_and_update_products.php(21): Listing_Manager_Group->check_listing_and_mark_sold(Object(WC_Product_Simple), false)
#2 C:\xampp2\htdocs\inventory_manager\wp-content\plugins\inventory_manager\functions\actions\cron.php(8): check_listings_and_update_products()
#3 C:\xampp2\htdocs\inventory_manager\wp-includes\class-wp-hook.php(308): run_cron()
#4 C:\xampp2\htdocs\inventory_manager\wp-includes\class-wp-hook.php(332): WP_Hook->apply_filters('', Array)
#5 C:\xampp2\htdocs\inventory_manager\wp-includes\plugin.php(565): WP_Hook->do_action(Array)
#6 C:\xampp2\htdocs\inventory_manager\wp-cron.php(188): do_action_ref_array('run_cron', Array)
#7 {main}
  thrown in C:\xampp2\htdocs\inventory_manager\wp-content\plugins\inventory_manager\classes\Listing_Manager_Group.php on line 127

2023-03-14T13:40:45+00:00 CRITICAL Uncaught Error: Call to undefined method Ebay_Listing_Manager::check_listing_and_mark_sold() in C:\xampp2\htdocs\inventory_manager\wp-content\plugins\inventory_manager\classes\Listing_Manager_Group.php:127
Stack trace:
#0 C:\xampp2\htdocs\inventory_manager\wp-content\plugins\inventory_manager\classes\Listing_Manager_Group.php(113): Listing_Manager_Group->call_manager_fns('check_listing_a...', Object(WC_Product_Simple), false)
#1 C:\xampp2\htdocs\inventory_manager\wp-content\plugins\inventory_manager\functions\check_listings_and_update_products.php(21): Listing_Manager_Group->check_listing_and_mark_sold(Object(WC_Product_Simple), false)
#2 C:\xampp2\htdocs\inventory_manager\wp-content\plugins\inventory_manager\functions\actions\cron.php(8): check_listings_and_update_products()
#3 C:\xampp2\htdocs\inventory_manager\wp-includes\class-wp-hook.php(308): run_cron()
#4 C:\xampp2\htdocs\inventory_manager\wp-includes\class-wp-hook.php(332): WP_Hook->apply_filters('', Array)
#5 C:\xampp2\htdocs\inventory_manager\wp-includes\plugin.php(565): WP_Hook->do_action(Array)
#6 C:\xampp2\htdocs\inventory_manager\wp-cron.php(188): do_action_ref_array('run_cron', Array)
#7 {main}
  thrown in C:\xampp2\htdocs\inventory_manager\wp-content\plugins\inventory_manager\classes\Listing_Manager_Group.php on line 127

2023-03-14T13:42:29+00:00 CRITICAL Uncaught Error: Call to undefined method Ebay_Listing_Manager::check_listing_and_mark_sold() in C:\xampp2\htdocs\inventory_manager\wp-content\plugins\inventory_manager\classes\Listing_Manager_Group.php:127
Stack trace:
#0 C:\xampp2\htdocs\inventory_manager\wp-content\plugins\inventory_manager\classes\Listing_Manager_Group.php(113): Listing_Manager_Group->call_manager_fns('check_listing_a...', Object(WC_Product_Simple), false)
#1 C:\xampp2\htdocs\inventory_manager\wp-content\plugins\inventory_manager\functions\check_listings_and_update_products.php(21): Listing_Manager_Group->check_listing_and_mark_sold(Object(WC_Product_Simple), false)
#2 C:\xampp2\htdocs\inventory_manager\wp-content\plugins\inventory_manager\functions\actions\cron.php(8): check_listings_and_update_products()
#3 C:\xampp2\htdocs\inventory_manager\wp-includes\class-wp-hook.php(308): run_cron()
#4 C:\xampp2\htdocs\inventory_manager\wp-includes\class-wp-hook.php(332): WP_Hook->apply_filters('', Array)
#5 C:\xampp2\htdocs\inventory_manager\wp-includes\plugin.php(565): WP_Hook->do_action(Array)
#6 C:\xampp2\htdocs\inventory_manager\wp-cron.php(188): do_action_ref_array('run_cron', Array)
#7 {main}
  thrown in C:\xampp2\htdocs\inventory_manager\wp-content\plugins\inventory_manager\classes\Listing_Manager_Group.php on line 127

2023-03-14T13:44:17+00:00 CRITICAL Uncaught Error: Call to undefined method Ebay_Listing_Manager::check_listing_and_mark_sold() in C:\xampp2\htdocs\inventory_manager\wp-content\plugins\inventory_manager\classes\Listing_Manager_Group.php:127
Stack trace:
#0 C:\xampp2\htdocs\inventory_manager\wp-content\plugins\inventory_manager\classes\Listing_Manager_Group.php(113): Listing_Manager_Group->call_manager_fns('check_listing_a...', Object(WC_Product_Simple), false)
#1 C:\xampp2\htdocs\inventory_manager\wp-content\plugins\inventory_manager\functions\check_listings_and_update_products.php(21): Listing_Manager_Group->check_listing_and_mark_sold(Object(WC_Product_Simple), false)
#2 C:\xampp2\htdocs\inventory_manager\wp-content\plugins\inventory_manager\functions\actions\cron.php(8): check_listings_and_update_products()
#3 C:\xampp2\htdocs\inventory_manager\wp-includes\class-wp-hook.php(308): run_cron()
#4 C:\xampp2\htdocs\inventory_manager\wp-includes\class-wp-hook.php(332): WP_Hook->apply_filters('', Array)
#5 C:\xampp2\htdocs\inventory_manager\wp-includes\plugin.php(565): WP_Hook->do_action(Array)
#6 C:\xampp2\htdocs\inventory_manager\wp-cron.php(188): do_action_ref_array('run_cron', Array)
#7 {main}
  thrown in C:\xampp2\htdocs\inventory_manager\wp-content\plugins\inventory_manager\classes\Listing_Manager_Group.php on line 127

2023-03-14T13:46:53+00:00 CRITICAL Uncaught Error: Call to undefined method Ebay_Listing_Manager::check_listing_and_mark_sold() in C:\xampp2\htdocs\inventory_manager\wp-content\plugins\inventory_manager\classes\Listing_Manager_Group.php:127
Stack trace:
#0 C:\xampp2\htdocs\inventory_manager\wp-content\plugins\inventory_manager\classes\Listing_Manager_Group.php(113): Listing_Manager_Group->call_manager_fns('check_listing_a...', Object(WC_Product_Simple), false)
#1 C:\xampp2\htdocs\inventory_manager\wp-content\plugins\inventory_manager\functions\check_listings_and_update_products.php(21): Listing_Manager_Group->check_listing_and_mark_sold(Object(WC_Product_Simple), false)
#2 C:\xampp2\htdocs\inventory_manager\wp-content\plugins\inventory_manager\functions\actions\cron.php(8): check_listings_and_update_products()
#3 C:\xampp2\htdocs\inventory_manager\wp-includes\class-wp-hook.php(308): run_cron()
#4 C:\xampp2\htdocs\inventory_manager\wp-includes\class-wp-hook.php(332): WP_Hook->apply_filters('', Array)
#5 C:\xampp2\htdocs\inventory_manager\wp-includes\plugin.php(565): WP_Hook->do_action(Array)
#6 C:\xampp2\htdocs\inventory_manager\wp-cron.php(188): do_action_ref_array('run_cron', Array)
#7 {main}
  thrown in C:\xampp2\htdocs\inventory_manager\wp-content\plugins\inventory_manager\classes\Listing_Manager_Group.php on line 127

2023-03-14T13:48:18+00:00 CRITICAL Uncaught Error: Call to undefined method Ebay_Listing_Manager::check_listing_and_mark_sold() in C:\xampp2\htdocs\inventory_manager\wp-content\plugins\inventory_manager\classes\Listing_Manager_Group.php:127
Stack trace:
#0 C:\xampp2\htdocs\inventory_manager\wp-content\plugins\inventory_manager\classes\Listing_Manager_Group.php(113): Listing_Manager_Group->call_manager_fns('check_listing_a...', Object(WC_Product_Simple), false)
#1 C:\xampp2\htdocs\inventory_manager\wp-content\plugins\inventory_manager\functions\check_listings_and_update_products.php(21): Listing_Manager_Group->check_listing_and_mark_sold(Object(WC_Product_Simple), false)
#2 C:\xampp2\htdocs\inventory_manager\wp-content\plugins\inventory_manager\functions\actions\cron.php(8): check_listings_and_update_products()
#3 C:\xampp2\htdocs\inventory_manager\wp-includes\class-wp-hook.php(308): run_cron()
#4 C:\xampp2\htdocs\inventory_manager\wp-includes\class-wp-hook.php(332): WP_Hook->apply_filters('', Array)
#5 C:\xampp2\htdocs\inventory_manager\wp-includes\plugin.php(565): WP_Hook->do_action(Array)
#6 C:\xampp2\htdocs\inventory_manager\wp-cron.php(188): do_action_ref_array('run_cron', Array)
#7 {main}
  thrown in C:\xampp2\htdocs\inventory_manager\wp-content\plugins\inventory_manager\classes\Listing_Manager_Group.php on line 127

2023-03-14T13:56:17+00:00 CRITICAL Uncaught Error: Call to undefined method Ebay_Listing_Manager::check_listing_and_mark_sold() in C:\xampp2\htdocs\inventory_manager\wp-content\plugins\inventory_manager\classes\Listing_Manager_Group.php:127
Stack trace:
#0 C:\xampp2\htdocs\inventory_manager\wp-content\plugins\inventory_manager\classes\Listing_Manager_Group.php(113): Listing_Manager_Group->call_manager_fns('check_listing_a...', Object(WC_Product_Simple), false)
#1 C:\xampp2\htdocs\inventory_manager\wp-content\plugins\inventory_manager\functions\check_listings_and_update_products.php(21): Listing_Manager_Group->check_listing_and_mark_sold(Object(WC_Product_Simple), false)
#2 C:\xampp2\htdocs\inventory_manager\wp-content\plugins\inventory_manager\functions\actions\cron.php(8): check_listings_and_update_products()
#3 C:\xampp2\htdocs\inventory_manager\wp-includes\class-wp-hook.php(308): run_cron()
#4 C:\xampp2\htdocs\inventory_manager\wp-includes\class-wp-hook.php(332): WP_Hook->apply_filters('', Array)
#5 C:\xampp2\htdocs\inventory_manager\wp-includes\plugin.php(565): WP_Hook->do_action(Array)
#6 C:\xampp2\htdocs\inventory_manager\wp-cron.php(188): do_action_ref_array('run_cron', Array)
#7 {main}
  thrown in C:\xampp2\htdocs\inventory_manager\wp-content\plugins\inventory_manager\classes\Listing_Manager_Group.php on line 127

2023-03-14T13:57:23+00:00 CRITICAL Uncaught Error: Call to undefined method Ebay_Listing_Manager::check_listing_and_mark_sold() in C:\xampp2\htdocs\inventory_manager\wp-content\plugins\inventory_manager\classes\Listing_Manager_Group.php:127
Stack trace:
#0 C:\xampp2\htdocs\inventory_manager\wp-content\plugins\inventory_manager\classes\Listing_Manager_Group.php(113): Listing_Manager_Group->call_manager_fns('check_listing_a...', Object(WC_Product_Simple), false)
#1 C:\xampp2\htdocs\inventory_manager\wp-content\plugins\inventory_manager\functions\check_listings_and_update_products.php(21): Listing_Manager_Group->check_listing_and_mark_sold(Object(WC_Product_Simple), false)
#2 C:\xampp2\htdocs\inventory_manager\wp-content\plugins\inventory_manager\functions\actions\cron.php(8): check_listings_and_update_products()
#3 C:\xampp2\htdocs\inventory_manager\wp-includes\class-wp-hook.php(308): run_cron()
#4 C:\xampp2\htdocs\inventory_manager\wp-includes\class-wp-hook.php(332): WP_Hook->apply_filters('', Array)
#5 C:\xampp2\htdocs\inventory_manager\wp-includes\plugin.php(565): WP_Hook->do_action(Array)
#6 C:\xampp2\htdocs\inventory_manager\wp-cron.php(188): do_action_ref_array('run_cron', Array)
#7 {main}
  thrown in C:\xampp2\htdocs\inventory_manager\wp-content\plugins\inventory_manager\classes\Listing_Manager_Group.php on line 127

2023-03-14T13:58:19+00:00 CRITICAL Uncaught Error: Call to undefined method Ebay_Listing_Manager::check_listing_and_mark_sold() in C:\xampp2\htdocs\inventory_manager\wp-content\plugins\inventory_manager\classes\Listing_Manager_Group.php:127
Stack trace:
#0 C:\xampp2\htdocs\inventory_manager\wp-content\plugins\inventory_manager\classes\Listing_Manager_Group.php(113): Listing_Manager_Group->call_manager_fns('check_listing_a...', Object(WC_Product_Simple), false)
#1 C:\xampp2\htdocs\inventory_manager\wp-content\plugins\inventory_manager\functions\check_listings_and_update_products.php(21): Listing_Manager_Group->check_listing_and_mark_sold(Object(WC_Product_Simple), false)
#2 C:\xampp2\htdocs\inventory_manager\wp-content\plugins\inventory_manager\functions\actions\cron.php(8): check_listings_and_update_products()
#3 C:\xampp2\htdocs\inventory_manager\wp-includes\class-wp-hook.php(308): run_cron()
#4 C:\xampp2\htdocs\inventory_manager\wp-includes\class-wp-hook.php(332): WP_Hook->apply_filters('', Array)
#5 C:\xampp2\htdocs\inventory_manager\wp-includes\plugin.php(565): WP_Hook->do_action(Array)
#6 C:\xampp2\htdocs\inventory_manager\wp-cron.php(188): do_action_ref_array('run_cron', Array)
#7 {main}
  thrown in C:\xampp2\htdocs\inventory_manager\wp-content\plugins\inventory_manager\classes\Listing_Manager_Group.php on line 127

2023-03-14T13:58:19+00:00 CRITICAL Uncaught Error: Call to undefined method Ebay_Listing_Manager::check_listing_and_mark_sold() in C:\xampp2\htdocs\inventory_manager\wp-content\plugins\inventory_manager\classes\Listing_Manager_Group.php:127
Stack trace:
#0 C:\xampp2\htdocs\inventory_manager\wp-content\plugins\inventory_manager\classes\Listing_Manager_Group.php(113): Listing_Manager_Group->call_manager_fns('check_listing_a...', Object(WC_Product_Simple), false)
#1 C:\xampp2\htdocs\inventory_manager\wp-content\plugins\inventory_manager\functions\check_listings_and_update_products.php(21): Listing_Manager_Group->check_listing_and_mark_sold(Object(WC_Product_Simple), false)
#2 C:\xampp2\htdocs\inventory_manager\wp-content\plugins\inventory_manager\functions\actions\cron.php(8): check_listings_and_update_products()
#3 C:\xampp2\htdocs\inventory_manager\wp-includes\class-wp-hook.php(308): run_cron()
#4 C:\xampp2\htdocs\inventory_manager\wp-includes\class-wp-hook.php(332): WP_Hook->apply_filters('', Array)
#5 C:\xampp2\htdocs\inventory_manager\wp-includes\plugin.php(565): WP_Hook->do_action(Array)
#6 C:\xampp2\htdocs\inventory_manager\wp-cron.php(188): do_action_ref_array('run_cron', Array)
#7 {main}
  thrown in C:\xampp2\htdocs\inventory_manager\wp-content\plugins\inventory_manager\classes\Listing_Manager_Group.php on line 127

2023-03-14T13:58:19+00:00 CRITICAL Uncaught Error: Call to undefined method Ebay_Listing_Manager::check_listing_and_mark_sold() in C:\xampp2\htdocs\inventory_manager\wp-content\plugins\inventory_manager\classes\Listing_Manager_Group.php:127
Stack trace:
#0 C:\xampp2\htdocs\inventory_manager\wp-content\plugins\inventory_manager\classes\Listing_Manager_Group.php(113): Listing_Manager_Group->call_manager_fns('check_listing_a...', Object(WC_Product_Simple), false)
#1 C:\xampp2\htdocs\inventory_manager\wp-content\plugins\inventory_manager\functions\check_listings_and_update_products.php(21): Listing_Manager_Group->check_listing_and_mark_sold(Object(WC_Product_Simple), false)
#2 C:\xampp2\htdocs\inventory_manager\wp-content\plugins\inventory_manager\functions\actions\cron.php(8): check_listings_and_update_products()
#3 C:\xampp2\htdocs\inventory_manager\wp-includes\class-wp-hook.php(308): run_cron()
#4 C:\xampp2\htdocs\inventory_manager\wp-includes\class-wp-hook.php(332): WP_Hook->apply_filters('', Array)
#5 C:\xampp2\htdocs\inventory_manager\wp-includes\plugin.php(565): WP_Hook->do_action(Array)
#6 C:\xampp2\htdocs\inventory_manager\wp-cron.php(188): do_action_ref_array('run_cron', Array)
#7 {main}
  thrown in C:\xampp2\htdocs\inventory_manager\wp-content\plugins\inventory_manager\classes\Listing_Manager_Group.php on line 127

2023-03-14T13:59:25+00:00 CRITICAL Uncaught Error: Call to undefined method Ebay_Listing_Manager::check_listing_and_mark_sold() in C:\xampp2\htdocs\inventory_manager\wp-content\plugins\inventory_manager\classes\Listing_Manager_Group.php:127
Stack trace:
#0 C:\xampp2\htdocs\inventory_manager\wp-content\plugins\inventory_manager\classes\Listing_Manager_Group.php(113): Listing_Manager_Group->call_manager_fns('check_listing_a...', Object(WC_Product_Simple), false)
#1 C:\xampp2\htdocs\inventory_manager\wp-content\plugins\inventory_manager\functions\check_listings_and_update_products.php(21): Listing_Manager_Group->check_listing_and_mark_sold(Object(WC_Product_Simple), false)
#2 C:\xampp2\htdocs\inventory_manager\wp-content\plugins\inventory_manager\functions\actions\cron.php(8): check_listings_and_update_products()
#3 C:\xampp2\htdocs\inventory_manager\wp-includes\class-wp-hook.php(308): run_cron()
#4 C:\xampp2\htdocs\inventory_manager\wp-includes\class-wp-hook.php(332): WP_Hook->apply_filters('', Array)
#5 C:\xampp2\htdocs\inventory_manager\wp-includes\plugin.php(565): WP_Hook->do_action(Array)
#6 C:\xampp2\htdocs\inventory_manager\wp-cron.php(188): do_action_ref_array('run_cron', Array)
#7 {main}
  thrown in C:\xampp2\htdocs\inventory_manager\wp-content\plugins\inventory_manager\classes\Listing_Manager_Group.php on line 127

